length,num_nodes,depth,max_range_reverse,min_range_reverse,mean_range_reverse,num_normal,num_reverse,mean_height_from_leaf,min_height_tree_from_leaf,reverse_max_depth,flattened_length,flattened_num_nodes,flattened_depth,flattened_max_range_reverse,flattened_min_range_reverse,flattened_mean_range_reverse,flattened_num_normal,flattened_num_reverse,flattened_mean_height_from_leaf,flattened_min_height_tree_from_leaf,flattened_reverse_max_depth
9,15,9,0,0,0.0,14,0,5.5,1,0,9,15,9,0,0,0.0,14,0,5.5,1,0
3,3,3,0,0,0.0,3,0,2.25,1,0,3,3,3,0,0,0.0,3,0,2.25,1,0
0,0,0,0,0,0,0,0,0,0,0,0,0,0,0,0,0,0,0,0,0,0
6,6,6,3,3,3.0,5,1,3.85714285714,1,0,6,6,6,3,3,3.0,5,1,3.85714285714,1,0
3,3,3,0,0,0.0,3,0,2.25,1,0,3,3,3,0,0,0.0,3,0,2.25,1,0
9,15,14,1,1,1.0,14,1,7.8125,1,0,9,15,14,1,1,1.0,14,1,7.8125,1,0
5,5,5,0,0,0.0,5,0,3.33333333333,1,0,5,5,5,0,0,0.0,5,0,3.33333333333,1,0
9,11,6,1,1,1.0,8,2,3.8,1,0,9,11,6,1,1,1.0,8,2,3.8,1,0
2,2,2,0,0,0.0,1,0,1.66666666667,1,0,2,2,2,0,0,0.0,1,0,1.66666666667,1,0
9,12,12,7,2,4.5,10,2,6.92307692308,1,0,9,12,12,7,2,4.5,10,2,6.92307692308,1,0
7,7,6,4,2,3.0,5,2,3.875,1,0,7,7,6,4,2,3.0,5,2,3.875,1,0
5,5,4,1,1,1.0,4,1,3.16666666667,1,0,5,5,4,1,1,1.0,4,1,3.16666666667,1,0
5,3,3,0,0,0.0,2,0,2.25,1,0,5,3,3,0,0,0.0,2,0,2.25,1,0
9,11,7,4,3,3.66666666667,8,3,4.66666666667,1,0,9,11,7,4,3,3.66666666667,8,3,4.66666666667,1,0
6,6,6,2,2,2.0,4,1,3.85714285714,1,0,6,6,6,2,2,2.0,4,1,3.85714285714,1,0
9,27,16,7,1,4.5,23,4,8.60714285714,1,0,9,27,16,7,1,4.5,23,4,8.60714285714,1,0
15,2,2,0,0,0.0,1,0,1.66666666667,1,0,15,2,2,0,0,0.0,1,0,1.66666666667,1,0
9,14,8,5,1,3.33333333333,11,3,5.13333333333,1,0,9,14,8,5,1,3.33333333333,11,3,5.13333333333,1,0
9,14,10,3,1,2.0,12,2,6.33333333333,1,0,9,14,10,3,1,2.0,12,2,6.33333333333,1,0
9,20,10,3,2,2.5,17,2,5.26086956522,2,0,9,20,10,3,2,2.5,17,2,5.26086956522,2,0
9,18,9,6,2,4.0,14,4,6.15789473684,1,0,9,18,9,6,2,4.0,14,4,6.15789473684,1,0
6,6,6,0,0,0.0,6,0,3.85714285714,1,0,6,6,6,0,0,0.0,6,0,3.85714285714,1,0
9,14,8,6,2,3.25,10,4,5.13333333333,1,0,9,14,8,6,2,3.25,10,4,5.13333333333,1,0
9,9,6,5,5,5.0,8,1,4.5,1,0,9,9,6,5,5,5.0,8,1,4.5,1,0
1,1,1,0,0,0.0,0,0,1.0,1,0,1,1,1,0,0,0.0,0,0,1.0,1,0
0,0,0,0,0,0,0,0,0,0,0,0,0,0,0,0,0,0,0,0,0,0
9,21,11,6,1,4.0,17,4,7.27272727273,1,0,9,21,11,6,1,4.0,17,4,7.27272727273,1,0
9,10,6,5,1,3.0,8,2,4.45454545455,1,0,9,10,6,5,1,3.0,8,2,4.45454545455,1,0
5,5,5,0,0,0.0,5,0,3.33333333333,1,0,5,5,5,0,0,0.0,5,0,3.33333333333,1,0
5,5,5,2,2,2.0,3,1,3.33333333333,1,0,5,5,5,2,2,2.0,3,1,3.33333333333,1,0
9,10,8,5,5,5.0,8,1,4.53846153846,1,0,9,10,8,5,5,5.0,8,1,4.53846153846,1,0
9,21,9,16,1,6.0,15,5,5.625,2,0,9,21,9,16,1,6.0,15,5,5.625,2,0
9,11,9,3,1,2.0,9,2,5.91666666667,1,0,9,11,9,3,1,2.0,9,2,5.91666666667,1,0
9,17,11,4,2,3.0,14,2,5.35,2,0,9,17,11,4,2,3.0,14,2,5.35,2,0
9,22,13,5,1,2.66666666667,18,3,6.68,1,0,9,22,13,5,1,2.66666666667,18,3,6.68,1,0
9,20,11,8,4,5.33333333333,17,3,6.57142857143,1,0,9,20,11,8,4,5.33333333333,17,3,6.57142857143,1,0
9,13,8,5,2,3.5,11,2,5.14285714286,1,0,9,13,8,5,2,3.5,11,2,5.14285714286,1,0
3,3,3,0,0,0.0,3,0,2.25,1,0,3,3,3,0,0,0.0,3,0,2.25,1,0
2,2,2,0,0,0.0,2,0,1.66666666667,1,0,2,2,2,0,0,0.0,2,0,1.66666666667,1,0
9,6,4,0,0,0.0,5,0,3.0,2,0,9,6,4,0,0,0.0,5,0,3.0,2,0
9,35,24,20,1,8.0,32,3,11.5833333333,1,0,9,35,24,20,1,8.0,32,3,11.5833333333,1,0
6,6,5,4,1,2.5,4,2,3.57142857143,1,0,6,6,5,4,1,2.5,4,2,3.57142857143,1,0
9,10,10,0,0,0.0,10,0,5.90909090909,1,0,9,10,10,0,0,0.0,10,0,5.90909090909,1,0
1,1,1,0,0,0.0,0,0,1.0,1,0,1,1,1,0,0,0.0,0,0,1.0,1,0
0,0,0,0,0,0,0,0,0,0,0,0,0,0,0,0,0,0,0,0,0,0
9,19,9,3,1,2.25,14,4,5.22727272727,2,0,9,19,9,3,1,2.25,14,4,5.22727272727,2,0
1,1,1,0,0,0.0,0,0,1.0,1,0,1,1,1,0,0,0.0,0,0,1.0,1,0
9,14,8,5,1,3.0,10,4,5.2,1,0,9,14,8,5,1,3.0,10,4,5.2,1,0
9,23,9,10,1,4.8,18,5,6.0,1,0,9,23,9,10,1,4.8,18,5,6.0,1,0
8,8,6,2,2,2.0,7,1,4.0,1,0,8,8,6,2,2,2.0,7,1,4.0,1,0
3,0,0,0,0,0,0,0,0,0,0,3,0,0,0,0,0,0,0,0,0,0
9,9,8,5,5,5.0,8,1,5.1,1,0,9,9,8,5,5,5.0,8,1,5.1,1,0
2,2,2,0,0,0.0,1,0,1.66666666667,1,0,2,2,2,0,0,0.0,1,0,1.66666666667,1,0
9,38,21,7,1,3.33333333333,31,6,9.12195121951,1,0,9,38,21,7,1,3.33333333333,31,6,9.12195121951,1,0
1,1,1,0,0,0.0,0,0,1.0,1,0,1,1,1,0,0,0.0,0,0,1.0,1,0
1,0,0,0,0,0,0,0,0,0,0,1,0,0,0,0,0,0,0,0,0,0
9,16,7,3,3,3.0,13,1,4.29166666667,1,0,9,16,7,3,3,3.0,13,1,4.29166666667,1,0
9,23,11,3,2,2.5,20,2,5.28571428571,2,0,9,23,11,3,2,2.5,20,2,5.28571428571,2,0
9,21,13,3,2,2.66666666667,18,3,7.45454545455,1,0,9,21,13,3,2,2.66666666667,18,3,7.45454545455,1,0
5,3,3,0,0,0.0,2,0,2.25,1,0,5,3,3,0,0,0.0,2,0,2.25,1,0
9,24,10,3,1,2.0,18,5,5.55555555556,2,0,9,24,10,3,1,2.0,18,5,5.55555555556,2,0
1,1,1,0,0,0.0,0,0,1.0,1,0,1,1,1,0,0,0.0,0,0,1.0,1,0
15,0,0,0,0,0,0,0,0,0,0,15,0,0,0,0,0,0,0,0,0,0
9,24,16,8,8,8.0,23,1,8.24,1,0,9,24,16,8,8,8.0,23,1,8.24,1,0
6,6,6,2,2,2.0,5,1,3.85714285714,1,0,6,6,6,2,2,2.0,5,1,3.85714285714,1,0
9,14,10,4,1,2.66666666667,11,3,6.0,1,0,9,14,10,4,1,2.66666666667,11,3,6.0,1,0
5,5,4,2,2,2.0,4,1,3.0,1,0,5,5,4,2,2,2.0,4,1,3.0,1,0
9,9,9,0,0,0.0,9,0,5.4,1,0,9,9,9,0,0,0.0,9,0,5.4,1,0
8,8,5,7,1,4.0,5,3,3.77777777778,1,0,8,8,5,7,1,4.0,5,3,3.77777777778,1,0
4,4,4,0,0,0.0,4,0,2.8,1,0,4,4,4,0,0,0.0,4,0,2.8,1,0
9,10,7,4,2,3.0,7,2,3.78571428571,2,0,9,10,7,4,2,3.0,7,2,3.78571428571,2,0
9,21,9,7,2,4.25,17,4,6.09090909091,1,0,9,21,9,7,2,4.25,17,4,6.09090909091,1,0
6,6,6,0,0,0.0,6,0,3.85714285714,1,0,6,6,6,0,0,0.0,6,0,3.85714285714,1,0
9,22,17,9,2,6.33333333333,19,3,10.9565217391,1,0,9,22,17,9,2,6.33333333333,19,3,10.9565217391,1,0
9,30,24,4,1,2.0,27,3,12.7419354839,1,0,9,30,24,4,1,2.0,27,3,12.7419354839,1,0
5,5,5,0,0,0.0,4,0,3.33333333333,1,0,5,5,5,0,0,0.0,4,0,3.33333333333,1,0
9,18,18,0,0,0.0,18,0,9.94736842105,1,0,9,18,18,0,0,0.0,18,0,9.94736842105,1,0
9,29,12,9,2,5.5,26,2,7.375,1,0,9,29,12,9,2,5.5,26,2,7.375,1,0
9,10,8,3,3,3.0,9,1,5.54545454545,1,0,9,10,8,3,3,3.0,9,1,5.54545454545,1,0
9,11,6,3,2,2.5,8,2,4.08333333333,2,0,9,11,6,3,2,2.5,8,2,4.08333333333,2,0
9,12,10,0,0,0.0,10,0,5.2,2,0,9,12,10,0,0,0.0,10,0,5.2,2,0
4,4,3,1,1,1.0,2,1,2.6,1,0,4,4,3,1,1,1.0,2,1,2.6,1,0
9,37,16,6,1,2.6,31,5,7.65,2,0,9,37,16,6,1,2.6,31,5,7.65,2,0
9,11,6,4,2,3.0,7,4,4.5,1,0,9,11,6,4,2,3.0,7,4,4.5,1,0
9,21,12,5,2,3.66666666667,18,3,6.90909090909,1,0,9,21,12,5,2,3.66666666667,18,3,6.90909090909,1,0
9,29,11,6,1,3.5,22,6,6.4375,2,0,9,29,11,6,1,3.5,22,6,6.4375,2,0
9,18,8,6,1,3.0,12,5,4.95454545455,2,0,9,18,8,6,1,3.0,12,5,4.95454545455,2,0
2,2,2,0,0,0.0,1,0,1.66666666667,1,0,2,2,2,0,0,0.0,1,0,1.66666666667,1,0
3,3,3,0,0,0.0,3,0,2.25,1,0,3,3,3,0,0,0.0,3,0,2.25,1,0
9,28,16,6,1,2.75,22,4,8.32352941176,1,0,9,28,16,6,1,2.75,22,4,8.32352941176,1,0
9,11,10,9,1,3.66666666667,8,3,5.83333333333,1,0,9,11,10,9,1,3.66666666667,8,3,5.83333333333,1,0
1,1,1,0,0,0.0,1,0,1.0,1,0,1,1,1,0,0,0.0,1,0,1.0,1,0
9,21,18,3,3,3.0,20,1,9.95454545455,1,0,9,21,18,3,3,3.0,20,1,9.95454545455,1,0
9,11,10,1,1,1.0,9,1,6.08333333333,1,0,9,11,10,1,1,1.0,9,1,6.08333333333,1,0
9,13,7,9,1,3.5,8,4,4.85714285714,1,0,9,13,7,9,1,3.5,8,4,4.85714285714,1,0
9,2,2,0,0,0.0,1,0,1.66666666667,1,0,9,2,2,0,0,0.0,1,0,1.66666666667,1,0
9,19,12,6,1,3.0,15,4,6.55,1,0,9,19,12,6,1,3.0,15,4,6.55,1,0
7,7,6,1,1,1.0,6,1,4.0,1,0,7,7,6,1,1,1.0,6,1,4.0,1,0
9,11,11,0,0,0.0,10,0,6.41666666667,1,0,9,11,11,0,0,0.0,10,0,6.41666666667,1,0
9,37,14,16,1,7.0,31,5,7.5,2,0,9,37,14,16,1,7.0,31,5,7.5,2,0
9,14,9,1,1,1.0,11,2,4.94444444444,2,0,9,14,9,1,1,1.0,11,2,4.94444444444,2,0
5,5,5,0,0,0.0,4,0,3.33333333333,1,0,5,5,5,0,0,0.0,4,0,3.33333333333,1,0
9,30,23,14,4,9.0,28,2,11.5806451613,1,0,9,30,23,14,4,9.0,28,2,11.5806451613,1,0
9,18,11,10,1,4.25,14,4,6.0,1,0,9,18,11,10,1,4.25,14,4,6.0,1,0
9,23,10,13,1,6.5,17,6,6.91666666667,1,0,9,23,10,13,1,6.5,17,6,6.91666666667,1,0
9,38,32,3,1,2.0,35,3,16.0769230769,1,0,9,38,32,3,1,2.0,35,3,16.0769230769,1,0
9,15,12,2,1,1.5,13,2,6.625,1,0,9,15,12,2,1,1.5,13,2,6.625,1,0
9,14,14,1,1,1.0,13,1,7.93333333333,1,0,9,14,14,1,1,1.0,13,1,7.93333333333,1,0
9,11,7,4,4,4.0,10,1,4.75,1,0,9,11,7,4,4,4.0,10,1,4.75,1,0
2,2,2,0,0,0.0,1,0,1.66666666667,1,0,2,2,2,0,0,0.0,1,0,1.66666666667,1,0
9,14,9,6,1,3.0,11,3,6.13333333333,1,0,9,14,9,6,1,3.0,11,3,6.13333333333,1,0
9,26,13,4,1,2.5,23,2,6.51724137931,2,0,9,26,13,4,1,2.5,23,2,6.51724137931,2,0
9,17,9,1,1,1.0,15,1,5.57142857143,1,0,9,17,9,1,1,1.0,15,1,5.57142857143,1,0
4,4,4,0,0,0.0,3,0,2.8,1,0,4,4,4,0,0,0.0,3,0,2.8,1,0
9,14,10,5,1,3.0,10,2,5.58823529412,1,0,9,14,10,5,1,3.0,10,2,5.58823529412,1,0
9,12,8,3,3,3.0,10,1,5.06666666667,1,0,9,12,8,3,3,3.0,10,1,5.06666666667,1,0
9,17,7,5,1,2.75,12,4,4.42857142857,2,0,9,17,7,5,1,2.75,12,4,4.42857142857,2,0
8,6,5,0,0,0.0,5,0,3.11111111111,1,0,8,6,5,0,0,0.0,5,0,3.11111111111,1,0
9,28,15,11,1,5.75,24,4,8.96551724138,1,0,9,28,15,11,1,5.75,24,4,8.96551724138,1,0
9,22,8,9,1,4.6,17,5,6.0,1,0,9,22,8,9,1,4.6,17,5,6.0,1,0
9,18,13,13,6,9.5,16,2,6.84210526316,1,0,9,18,13,13,6,9.5,16,2,6.84210526316,1,0
9,22,8,4,1,2.66666666667,18,3,5.0,2,0,9,22,8,4,1,2.66666666667,18,3,5.0,2,0
8,0,0,0,0,0,0,0,0,0,0,8,0,0,0,0,0,0,0,0,0,0
9,18,14,4,1,2.5,15,2,9.10526315789,1,0,9,18,14,4,1,2.5,15,2,9.10526315789,1,0
9,13,9,3,1,2.0,10,2,5.1875,1,0,9,13,9,3,1,2.0,10,2,5.1875,1,0
9,8,5,0,0,0.0,7,0,3.63636363636,1,0,9,8,5,0,0,0.0,7,0,3.63636363636,1,0
1,1,1,0,0,0.0,0,0,1.0,1,0,1,1,1,0,0,0.0,0,0,1.0,1,0
9,15,7,2,2,2.0,12,2,4.6,1,0,9,15,7,2,2,2.0,12,2,4.6,1,0
9,17,8,8,1,4.0,14,3,5.33333333333,1,0,9,17,8,8,1,4.0,14,3,5.33333333333,1,0
9,16,6,5,2,3.66666666667,11,3,4.47368421053,2,0,9,16,6,5,2,3.66666666667,11,3,4.47368421053,2,0
9,13,6,2,1,1.33333333333,9,3,4.3125,1,0,9,13,6,2,1,1.33333333333,9,3,4.3125,1,0
3,3,3,0,0,0.0,3,0,2.25,1,0,3,3,3,0,0,0.0,3,0,2.25,1,0
3,3,3,0,0,0.0,2,0,2.25,1,0,3,3,3,0,0,0.0,2,0,2.25,1,0
9,15,13,3,1,2.0,13,2,8.0625,1,0,9,15,13,3,1,2.0,13,2,8.0625,1,0
9,13,7,2,2,2.0,11,1,4.35294117647,1,0,9,13,7,2,2,2.0,11,1,4.35294117647,1,0
9,13,8,4,1,2.2,8,5,5.0,1,0,9,13,8,4,1,2.2,8,5,5.0,1,0
8,8,8,0,0,0.0,7,0,4.88888888889,1,0,8,8,8,0,0,0.0,7,0,4.88888888889,1,0
6,6,6,0,0,0.0,6,0,3.85714285714,1,0,6,6,6,0,0,0.0,6,0,3.85714285714,1,0
7,7,7,0,0,0.0,7,0,4.375,1,0,7,7,7,0,0,0.0,7,0,4.375,1,0
9,21,12,1,1,1.0,18,1,6.07407407407,1,0,9,21,12,1,1,1.0,18,1,6.07407407407,1,0
6,4,3,0,0,0.0,3,0,2.28571428571,2,0,6,4,3,0,0,0.0,3,0,2.28571428571,2,0
9,13,8,4,4,4.0,11,1,4.8125,1,0,9,13,8,4,4,4.0,11,1,4.8125,1,0
9,15,11,3,1,2.0,13,2,6.125,1,0,9,15,11,3,1,2.0,13,2,6.125,1,0
7,7,6,3,3,3.0,6,1,4.25,1,0,7,7,6,3,3,3.0,6,1,4.25,1,0
8,8,6,2,2,2.0,7,1,4.44444444444,1,0,8,8,6,2,2,2.0,7,1,4.44444444444,1,0
9,13,8,5,1,3.0,9,4,5.42857142857,1,0,9,13,8,5,1,3.0,9,4,5.42857142857,1,0
9,17,13,4,1,2.5,15,2,7.55555555556,1,0,9,17,13,4,1,2.5,15,2,7.55555555556,1,0
1,1,1,0,0,0.0,0,0,1.0,1,0,1,1,1,0,0,0.0,0,0,1.0,1,0
9,16,8,0,0,0.0,14,0,5.10526315789,2,0,9,16,8,0,0,0.0,14,0,5.10526315789,2,0
4,4,4,0,0,0.0,4,0,2.8,1,0,4,4,4,0,0,0.0,4,0,2.8,1,0
9,7,3,1,1,1.0,5,1,2.72727272727,2,0,9,7,3,1,1,1.0,5,1,2.72727272727,2,0
9,26,17,21,1,7.0,21,4,8.0,1,0,9,26,17,21,1,7.0,21,4,8.0,1,0
9,8,5,2,1,1.25,3,4,3.81818181818,1,0,9,8,5,2,1,1.25,3,4,3.81818181818,1,0
9,16,14,5,2,3.33333333333,13,3,8.0,1,0,9,16,14,5,2,3.33333333333,13,3,8.0,1,0
8,8,5,7,1,3.0,5,3,3.77777777778,1,0,8,8,5,7,1,3.0,5,3,3.77777777778,1,0
9,26,14,2,1,1.33333333333,22,3,6.48387096774,2,0,9,26,14,2,1,1.33333333333,22,3,6.48387096774,2,0
9,19,9,12,1,5.0,15,4,6.2,1,0,9,19,9,12,1,5.0,15,4,6.2,1,0
9,27,13,5,1,3.0,21,5,6.25806451613,2,0,9,27,13,5,1,3.0,21,5,6.25806451613,2,0
1,1,1,0,0,0.0,0,0,1.0,1,0,1,1,1,0,0,0.0,0,0,1.0,1,0
9,16,8,6,1,3.0,12,4,5.64705882353,1,0,9,16,8,6,1,3.0,12,4,5.64705882353,1,0
9,11,9,8,7,7.5,9,2,5.33333333333,1,0,9,11,9,8,7,7.5,9,2,5.33333333333,1,0
8,8,6,4,4,4.0,7,1,4.0,1,0,8,8,6,4,4,4.0,7,1,4.0,1,0
9,30,15,11,1,4.33333333333,26,3,7.31428571429,1,0,9,30,15,11,1,4.33333333333,26,3,7.31428571429,1,0
7,7,4,6,1,2.66666666667,4,3,3.5,1,0,7,7,4,6,1,2.66666666667,4,3,3.5,1,0
9,24,20,14,2,9.66666666667,21,3,10.4,1,0,9,24,20,14,2,9.66666666667,21,3,10.4,1,0
9,16,14,12,1,6.5,14,2,7.52941176471,1,0,9,16,14,12,1,6.5,14,2,7.52941176471,1,0
7,7,7,0,0,0.0,7,0,4.375,1,0,7,7,7,0,0,0.0,7,0,4.375,1,0
9,39,17,19,1,5.8,34,5,9.825,1,0,9,39,17,19,1,5.8,34,5,9.825,1,0
9,33,11,1,1,1.0,28,3,6.33333333333,1,0,9,33,11,1,1,1.0,28,3,6.33333333333,1,0
9,17,7,4,1,2.66666666667,13,3,4.85,2,0,9,17,7,4,1,2.66666666667,13,3,4.85,2,0
3,0,0,0,0,0,0,0,0,0,0,3,0,0,0,0,0,0,0,0,0,0
28,3,3,1,1,1.0,1,1,2.25,1,0,28,3,3,1,1,1.0,1,1,2.25,1,0
9,3,2,1,1,1.0,1,1,2.0,2,0,9,3,2,1,1,1.0,1,1,2.0,2,0
1,1,1,0,0,0.0,0,0,1.0,1,0,1,1,1,0,0,0.0,0,0,1.0,1,0
5,5,4,1,1,1.0,3,1,3.0,1,0,5,5,4,1,1,1.0,3,1,3.0,1,0
4,4,4,0,0,0.0,3,0,2.8,1,0,4,4,4,0,0,0.0,3,0,2.8,1,0
6,6,4,2,2,2.0,4,1,3.28571428571,1,0,6,6,4,2,2,2.0,4,1,3.28571428571,1,0
9,22,9,9,1,4.0,17,3,4.68965517241,1,0,9,22,9,9,1,4.0,17,3,4.68965517241,1,0
9,12,7,6,6,6.0,11,1,4.76923076923,1,0,9,12,7,6,6,6.0,11,1,4.76923076923,1,0
7,7,7,0,0,0.0,7,0,4.375,1,0,7,7,7,0,0,0.0,7,0,4.375,1,0
9,27,18,21,7,14.0,25,2,10.2142857143,1,0,9,27,18,21,7,14.0,25,2,10.2142857143,1,0
2,2,2,0,0,0.0,1,0,1.66666666667,1,0,2,2,2,0,0,0.0,1,0,1.66666666667,1,0
9,23,7,5,1,3.0,19,3,4.89285714286,2,0,9,23,7,5,1,3.0,19,3,4.89285714286,2,0
9,20,13,4,1,2.66666666667,17,3,8.52380952381,1,0,9,20,13,4,1,2.66666666667,17,3,8.52380952381,1,0
9,16,6,3,3,3.0,14,1,4.36842105263,2,0,9,16,6,3,3,3.0,14,1,4.36842105263,2,0
9,12,10,2,2,2.0,10,1,5.1875,1,0,9,12,10,2,2,2.0,10,1,5.1875,1,0
9,23,11,14,4,9.33333333333,20,3,6.79166666667,1,0,9,23,11,14,4,9.33333333333,20,3,6.79166666667,1,0
9,25,15,14,1,7.75,20,4,7.10344827586,2,0,9,25,15,14,1,7.75,20,4,7.10344827586,2,0
9,23,11,9,1,4.66666666667,20,3,6.875,1,0,9,23,11,9,1,4.66666666667,20,3,6.875,1,0
9,22,22,0,0,0.0,22,0,11.9565217391,1,0,9,22,22,0,0,0.0,22,0,11.9565217391,1,0
9,37,22,3,1,2.0,31,4,10.119047619,1,0,9,37,22,3,1,2.0,31,4,10.119047619,1,0
1,1,1,0,0,0.0,0,0,1.0,1,0,1,1,1,0,0,0.0,0,0,1.0,1,0
3,3,3,2,2,2.0,1,1,2.25,1,0,3,3,3,2,2,2.0,1,1,2.25,1,0
0,0,0,0,0,0,0,0,0,0,0,0,0,0,0,0,0,0,0,0,0,0
9,24,13,9,1,3.25,20,4,8.36,1,0,9,24,13,9,1,3.25,20,4,8.36,1,0
8,8,5,5,5,5.0,7,1,3.88888888889,1,0,8,8,5,5,5,5.0,7,1,3.88888888889,1,0
13,0,0,0,0,0,0,0,0,0,0,13,0,0,0,0,0,0,0,0,0,0
9,10,9,7,6,6.5,8,2,5.27272727273,1,0,9,10,9,7,6,6.5,8,2,5.27272727273,1,0
0,0,0,0,0,0,0,0,0,0,0,0,0,0,0,0,0,0,0,0,0,0
9,20,19,11,4,7.5,18,2,10.4285714286,1,0,9,20,19,11,4,7.5,18,2,10.4285714286,1,0
9,9,9,1,1,1.0,8,1,5.4,1,0,9,9,9,1,1,1.0,8,1,5.4,1,0
9,31,18,1,1,1.0,29,1,8.88235294118,1,0,9,31,18,1,1,1.0,29,1,8.88235294118,1,0
8,6,5,0,0,0.0,5,0,3.33333333333,1,0,8,6,5,0,0,0.0,5,0,3.33333333333,1,0
8,3,2,1,1,1.0,1,1,2.0,2,0,8,3,2,1,1,1.0,1,1,2.0,2,0
9,18,10,3,2,2.5,15,2,5.54545454545,1,0,9,18,10,3,2,2.5,15,2,5.54545454545,1,0
9,11,6,10,1,3.75,7,4,4.58333333333,1,0,9,11,6,10,1,3.75,7,4,4.58333333333,1,0
9,35,19,11,1,4.66666666667,29,6,12.6666666667,1,0,9,35,19,11,1,4.66666666667,29,6,12.6666666667,1,0
9,18,8,2,1,1.5,12,4,4.80952380952,2,0,9,18,8,2,1,1.5,12,4,4.80952380952,2,0
9,21,7,5,3,4.0,17,3,4.61538461538,2,0,9,21,7,5,3,4.0,17,3,4.61538461538,2,0
8,6,4,0,0,0.0,4,0,3.0,1,0,8,6,4,0,0,0.0,4,0,3.0,1,0
9,15,9,4,2,3.0,12,2,5.36842105263,1,0,9,15,9,4,2,3.0,12,2,5.36842105263,1,0
7,0,0,0,0,0,0,0,0,0,0,7,0,0,0,0,0,0,0,0,0,0
9,9,5,2,1,1.66666666667,5,3,3.6,2,0,9,9,5,2,1,1.66666666667,5,3,3.6,2,0
9,10,8,3,2,2.5,8,2,5.0,1,0,9,10,8,3,2,2.5,8,2,5.0,1,0
9,10,9,1,1,1.0,9,1,5.36363636364,1,0,9,10,9,1,1,1.0,9,1,5.36363636364,1,0
7,7,7,0,0,0.0,7,0,4.375,1,0,7,7,7,0,0,0.0,7,0,4.375,1,0
9,15,7,8,8,8.0,11,2,5.3,1,0,9,15,7,8,8,8.0,11,2,5.3,1,0
9,10,9,1,1,1.0,9,1,5.36363636364,1,0,9,10,9,1,1,1.0,9,1,5.36363636364,1,0
9,20,10,11,1,4.5,15,4,5.5652173913,2,0,9,20,10,11,1,4.5,15,4,5.5652173913,2,0
9,11,7,5,1,2.33333333333,8,3,4.91666666667,1,0,9,11,7,5,1,2.33333333333,8,3,4.91666666667,1,0
9,14,12,2,1,1.5,12,2,7.4,1,0,9,14,12,2,1,1.5,12,2,7.4,1,0
9,15,8,2,2,2.0,13,1,4.47368421053,2,0,9,15,8,2,2,2.0,13,1,4.47368421053,2,0
1,1,1,0,0,0.0,0,0,1.0,1,0,1,1,1,0,0,0.0,0,0,1.0,1,0
0,0,0,0,0,0,0,0,0,0,0,0,0,0,0,0,0,0,0,0,0,0
7,7,7,0,0,0.0,7,0,4.375,1,0,7,7,7,0,0,0.0,7,0,4.375,1,0
9,22,12,10,10,10.0,21,1,7.26086956522,1,0,9,22,12,10,10,10.0,21,1,7.26086956522,1,0
7,7,5,3,3,3.0,6,1,3.625,1,0,7,7,5,3,3,3.0,6,1,3.625,1,0
9,9,9,0,0,0.0,9,0,5.4,1,0,9,9,9,0,0,0.0,9,0,5.4,1,0
9,9,9,0,0,0.0,9,0,5.4,1,0,9,9,9,0,0,0.0,9,0,5.4,1,0
9,8,5,3,3,3.0,6,1,3.41666666667,1,0,9,8,5,3,3,3.0,6,1,3.41666666667,1,0
9,7,5,8,8,8.0,5,1,3.7,1,0,9,7,5,8,8,8.0,5,1,3.7,1,0
8,8,6,4,4,4.0,7,1,4.0,1,0,8,8,6,4,4,4.0,7,1,4.0,1,0
9,12,7,1,1,1.0,8,3,4.46666666667,1,0,9,12,7,1,1,1.0,8,3,4.46666666667,1,0
9,15,13,12,11,11.5,13,2,7.125,1,0,9,15,13,12,11,11.5,13,2,7.125,1,0
9,10,7,6,1,3.0,7,3,4.54545454545,1,0,9,10,7,6,1,3.0,7,3,4.54545454545,1,0
9,10,6,1,1,1.0,8,1,4.23076923077,1,0,9,10,6,1,1,1.0,8,1,4.23076923077,1,0
9,10,6,4,4,4.0,9,1,4.45454545455,1,0,9,10,6,4,4,4.0,9,1,4.45454545455,1,0
2,2,2,0,0,0.0,1,0,1.66666666667,1,0,2,2,2,0,0,0.0,1,0,1.66666666667,1,0
24,0,0,0,0,0,0,0,0,0,0,24,0,0,0,0,0,0,0,0,0,0
0,0,0,0,0,0,0,0,0,0,0,0,0,0,0,0,0,0,0,0,0,0
2,0,0,0,0,0,0,0,0,0,0,2,0,0,0,0,0,0,0,0,0,0
0,0,0,0,0,0,0,0,0,0,0,0,0,0,0,0,0,0,0,0,0,0
2,2,2,0,0,0.0,1,0,1.66666666667,1,0,2,2,2,0,0,0.0,1,0,1.66666666667,1,0
1,1,1,0,0,0.0,0,0,1.0,1,0,1,1,1,0,0,0.0,0,0,1.0,1,0
11,0,0,0,0,0,0,0,0,0,0,11,0,0,0,0,0,0,0,0,0,0
3,0,0,0,0,0,0,0,0,0,0,3,0,0,0,0,0,0,0,0,0,0
1,0,0,0,0,0,0,0,0,0,0,1,0,0,0,0,0,0,0,0,0,0
9,3,3,0,0,0.0,2,0,2.25,1,0,9,3,3,0,0,0.0,2,0,2.25,1,0
2,0,0,0,0,0,0,0,0,0,0,2,0,0,0,0,0,0,0,0,0,0
0,0,0,0,0,0,0,0,0,0,0,0,0,0,0,0,0,0,0,0,0,0
2,0,0,0,0,0,0,0,0,0,0,2,0,0,0,0,0,0,0,0,0,0
16,0,0,0,0,0,0,0,0,0,0,16,0,0,0,0,0,0,0,0,0,0
4,4,4,0,0,0.0,3,0,2.8,1,0,4,4,4,0,0,0.0,3,0,2.8,1,0
5,3,3,1,1,1.0,1,1,2.25,1,0,5,3,3,1,1,1.0,1,1,2.25,1,0
0,0,0,0,0,0,0,0,0,0,0,0,0,0,0,0,0,0,0,0,0,0
7,0,0,0,0,0,0,0,0,0,0,7,0,0,0,0,0,0,0,0,0,0
0,0,0,0,0,0,0,0,0,0,0,0,0,0,0,0,0,0,0,0,0,0
4,4,4,2,2,2.0,2,1,2.8,1,0,4,4,4,2,2,2.0,2,1,2.8,1,0
14,0,0,0,0,0,0,0,0,0,0,14,0,0,0,0,0,0,0,0,0,0
7,0,0,0,0,0,0,0,0,0,0,7,0,0,0,0,0,0,0,0,0,0
9,8,7,0,0,0.0,6,0,4.0625,1,0,9,8,7,0,0,0.0,6,0,4.0625,1,0
6,0,0,0,0,0,0,0,0,0,0,6,0,0,0,0,0,0,0,0,0,0
4,4,4,0,0,0.0,3,0,2.8,1,0,4,4,4,0,0,0.0,3,0,2.8,1,0
9,15,7,17,17,17.0,12,1,5.09523809524,1,0,9,15,7,17,17,17.0,12,1,5.09523809524,1,0
2,0,0,0,0,0,0,0,0,0,0,2,0,0,0,0,0,0,0,0,0,0
0,0,0,0,0,0,0,0,0,0,0,0,0,0,0,0,0,0,0,0,0,0
0,0,0,0,0,0,0,0,0,0,0,0,0,0,0,0,0,0,0,0,0,0
9,9,9,0,0,0.0,9,0,5.4,1,0,9,9,9,0,0,0.0,9,0,5.4,1,0
9,0,0,0,0,0,0,0,0,0,0,9,0,0,0,0,0,0,0,0,0,0
6,3,3,0,0,0.0,2,0,2.25,1,0,6,3,3,0,0,0.0,2,0,2.25,1,0
0,0,0,0,0,0,0,0,0,0,0,0,0,0,0,0,0,0,0,0,0,0
8,0,0,0,0,0,0,0,0,0,0,8,0,0,0,0,0,0,0,0,0,0
16,0,0,0,0,0,0,0,0,0,0,16,0,0,0,0,0,0,0,0,0,0
5,0,0,0,0,0,0,0,0,0,0,5,0,0,0,0,0,0,0,0,0,0
0,0,0,0,0,0,0,0,0,0,0,0,0,0,0,0,0,0,0,0,0,0
1,1,1,0,0,0.0,0,0,1.0,1,0,1,1,1,0,0,0.0,0,0,1.0,1,0
6,0,0,0,0,0,0,0,0,0,0,6,0,0,0,0,0,0,0,0,0,0
4,4,4,2,2,2.0,2,1,2.8,1,0,4,4,4,2,2,2.0,2,1,2.8,1,0
0,0,0,0,0,0,0,0,0,0,0,0,0,0,0,0,0,0,0,0,0,0
0,0,0,0,0,0,0,0,0,0,0,0,0,0,0,0,0,0,0,0,0,0
1,0,0,0,0,0,0,0,0,0,0,1,0,0,0,0,0,0,0,0,0,0
1,0,0,0,0,0,0,0,0,0,0,1,0,0,0,0,0,0,0,0,0,0
0,0,0,0,0,0,0,0,0,0,0,0,0,0,0,0,0,0,0,0,0,0
2,2,2,0,0,0.0,1,0,1.66666666667,1,0,2,2,2,0,0,0.0,1,0,1.66666666667,1,0
2,2,2,0,0,0.0,1,0,1.66666666667,1,0,2,2,2,0,0,0.0,1,0,1.66666666667,1,0
2,2,2,0,0,0.0,1,0,1.66666666667,1,0,2,2,2,0,0,0.0,1,0,1.66666666667,1,0
7,0,0,0,0,0,0,0,0,0,0,7,0,0,0,0,0,0,0,0,0,0
2,2,2,0,0,0.0,1,0,1.66666666667,1,0,2,2,2,0,0,0.0,1,0,1.66666666667,1,0
1,0,0,0,0,0,0,0,0,0,0,1,0,0,0,0,0,0,0,0,0,0
4,4,4,1,1,1.0,2,1,2.8,1,0,4,4,4,1,1,1.0,2,1,2.8,1,0
35,0,0,0,0,0,0,0,0,0,0,35,0,0,0,0,0,0,0,0,0,0
1,1,1,0,0,0.0,0,0,1.0,1,0,1,1,1,0,0,0.0,0,0,1.0,1,0
9,9,5,1,1,1.0,6,2,4.0,1,0,9,9,5,1,1,1.0,6,2,4.0,1,0
0,0,0,0,0,0,0,0,0,0,0,0,0,0,0,0,0,0,0,0,0,0
22,0,0,0,0,0,0,0,0,0,0,22,0,0,0,0,0,0,0,0,0,0
17,0,0,0,0,0,0,0,0,0,0,17,0,0,0,0,0,0,0,0,0,0
1,1,1,0,0,0.0,0,0,1.0,1,0,1,1,1,0,0,0.0,0,0,1.0,1,0
0,0,0,0,0,0,0,0,0,0,0,0,0,0,0,0,0,0,0,0,0,0
19,0,0,0,0,0,0,0,0,0,0,19,0,0,0,0,0,0,0,0,0,0
3,0,0,0,0,0,0,0,0,0,0,3,0,0,0,0,0,0,0,0,0,0
2,2,2,0,0,0.0,1,0,1.66666666667,1,0,2,2,2,0,0,0.0,1,0,1.66666666667,1,0
0,0,0,0,0,0,0,0,0,0,0,0,0,0,0,0,0,0,0,0,0,0
0,0,0,0,0,0,0,0,0,0,0,0,0,0,0,0,0,0,0,0,0,0
24,0,0,0,0,0,0,0,0,0,0,24,0,0,0,0,0,0,0,0,0,0
4,1,1,0,0,0.0,0,0,1.0,1,0,4,1,1,0,0,0.0,0,0,1.0,1,0
2,0,0,0,0,0,0,0,0,0,0,2,0,0,0,0,0,0,0,0,0,0
0,0,0,0,0,0,0,0,0,0,0,0,0,0,0,0,0,0,0,0,0,0
0,0,0,0,0,0,0,0,0,0,0,0,0,0,0,0,0,0,0,0,0,0
3,0,0,0,0,0,0,0,0,0,0,3,0,0,0,0,0,0,0,0,0,0
29,0,0,0,0,0,0,0,0,0,0,29,0,0,0,0,0,0,0,0,0,0
16,0,0,0,0,0,0,0,0,0,0,16,0,0,0,0,0,0,0,0,0,0
1,0,0,0,0,0,0,0,0,0,0,1,0,0,0,0,0,0,0,0,0,0
9,10,7,12,1,7.66666666667,5,3,4.86666666667,2,0,9,10,7,12,1,7.66666666667,5,3,4.86666666667,2,0
0,0,0,0,0,0,0,0,0,0,0,0,0,0,0,0,0,0,0,0,0,0
0,0,0,0,0,0,0,0,0,0,0,0,0,0,0,0,0,0,0,0,0,0
2,2,2,0,0,0.0,1,0,1.66666666667,1,0,2,2,2,0,0,0.0,1,0,1.66666666667,1,0
3,3,3,0,0,0.0,2,0,2.25,1,0,3,3,3,0,0,0.0,2,0,2.25,1,0
0,0,0,0,0,0,0,0,0,0,0,0,0,0,0,0,0,0,0,0,0,0
14,0,0,0,0,0,0,0,0,0,0,14,0,0,0,0,0,0,0,0,0,0
4,0,0,0,0,0,0,0,0,0,0,4,0,0,0,0,0,0,0,0,0,0
1,0,0,0,0,0,0,0,0,0,0,1,0,0,0,0,0,0,0,0,0,0
0,0,0,0,0,0,0,0,0,0,0,0,0,0,0,0,0,0,0,0,0,0
1,1,1,0,0,0.0,0,0,1.0,1,0,1,1,1,0,0,0.0,0,0,1.0,1,0
1,0,0,0,0,0,0,0,0,0,0,1,0,0,0,0,0,0,0,0,0,0
2,0,0,0,0,0,0,0,0,0,0,2,0,0,0,0,0,0,0,0,0,0
1,1,1,0,0,0.0,0,0,1.0,1,0,1,1,1,0,0,0.0,0,0,1.0,1,0
4,1,1,0,0,0.0,0,0,1.0,1,0,4,1,1,0,0,0.0,0,0,1.0,1,0
2,0,0,0,0,0,0,0,0,0,0,2,0,0,0,0,0,0,0,0,0,0
0,0,0,0,0,0,0,0,0,0,0,0,0,0,0,0,0,0,0,0,0,0
9,9,5,0,0,0.0,8,0,3.5,2,0,9,9,5,0,0,0.0,8,0,3.5,2,0
2,2,2,0,0,0.0,1,0,1.66666666667,1,0,2,2,2,0,0,0.0,1,0,1.66666666667,1,0
4,4,4,2,2,2.0,2,1,2.8,1,0,4,4,4,2,2,2.0,2,1,2.8,1,0
1,1,1,0,0,0.0,0,0,1.0,1,0,1,1,1,0,0,0.0,0,0,1.0,1,0
2,2,2,0,0,0.0,2,0,1.66666666667,1,0,2,2,2,0,0,0.0,2,0,1.66666666667,1,0
9,17,9,6,1,3.0,13,3,6.0,1,0,9,17,9,6,1,3.0,13,3,6.0,1,0
7,7,7,0,0,0.0,7,0,4.375,1,0,7,7,7,0,0,0.0,7,0,4.375,1,0
8,0,0,0,0,0,0,0,0,0,0,8,0,0,0,0,0,0,0,0,0,0
9,10,7,3,3,3.0,9,1,4.45454545455,1,0,9,10,7,3,3,3.0,9,1,4.45454545455,1,0
9,26,10,14,2,6.5,22,4,6.77777777778,1,0,9,26,10,14,2,6.5,22,4,6.77777777778,1,0
9,9,6,3,3,3.0,8,1,4.2,1,0,9,9,6,3,3,3.0,8,1,4.2,1,0
7,7,7,0,0,0.0,7,0,4.375,1,0,7,7,7,0,0,0.0,7,0,4.375,1,0
9,10,6,5,1,3.0,7,3,4.45454545455,1,0,9,10,6,5,1,3.0,7,3,4.45454545455,1,0
9,10,7,3,3,3.0,9,1,4.45454545455,1,0,9,10,7,3,3,3.0,9,1,4.45454545455,1,0
1,1,1,0,0,0.0,1,0,1.0,1,0,1,1,1,0,0,0.0,1,0,1.0,1,0
9,18,18,0,0,0.0,18,0,9.94736842105,1,0,9,18,18,0,0,0.0,18,0,9.94736842105,1,0
20,0,0,0,0,0,0,0,0,0,0,20,0,0,0,0,0,0,0,0,0,0
9,12,11,4,4,4.0,10,1,6.76923076923,1,0,9,12,11,4,4,4.0,10,1,6.76923076923,1,0
15,5,5,0,0,0.0,4,0,3.33333333333,1,0,15,5,5,0,0,0.0,4,0,3.33333333333,1,0
9,22,12,11,1,6.25,18,4,6.95652173913,1,0,9,22,12,11,1,6.25,18,4,6.95652173913,1,0
9,34,32,1,1,1.0,31,3,17.0285714286,1,0,9,34,32,1,1,1.0,31,3,17.0285714286,1,0
9,14,9,2,2,2.0,12,1,4.55555555556,1,0,9,14,9,2,2,2.0,12,1,4.55555555556,1,0
9,9,9,0,0,0.0,8,0,5.4,1,0,9,9,9,0,0,0.0,8,0,5.4,1,0
9,22,8,8,1,3.5,17,4,5.16,2,0,9,22,8,8,1,3.5,17,4,5.16,2,0
9,10,10,0,0,0.0,9,0,5.90909090909,1,0,9,10,10,0,0,0.0,9,0,5.90909090909,1,0
6,6,6,1,1,1.0,4,1,3.85714285714,1,0,6,6,6,1,1,1.0,4,1,3.85714285714,1,0
1,1,1,0,0,0.0,0,0,1.0,1,0,1,1,1,0,0,0.0,0,0,1.0,1,0
3,3,3,0,0,0.0,2,0,2.25,1,0,3,3,3,0,0,0.0,2,0,2.25,1,0
1,1,1,0,0,0.0,0,0,1.0,1,0,1,1,1,0,0,0.0,0,0,1.0,1,0
9,26,14,13,1,4.85714285714,19,7,8.88888888889,1,0,9,26,14,13,1,4.85714285714,19,7,8.88888888889,1,0
1,1,1,0,0,0.0,0,0,1.0,1,0,1,1,1,0,0,0.0,0,0,1.0,1,0
5,0,0,0,0,0,0,0,0,0,0,5,0,0,0,0,0,0,0,0,0,0
9,7,6,1,1,1.0,5,1,3.75,2,0,9,7,6,1,1,1.0,5,1,3.75,2,0
27,0,0,0,0,0,0,0,0,0,0,27,0,0,0,0,0,0,0,0,0,0
9,28,16,2,2,2.0,26,1,7.15625,2,0,9,28,16,2,2,2.0,26,1,7.15625,2,0
9,8,5,4,1,2.0,4,3,3.55555555556,2,0,9,8,5,4,1,2.0,4,3,3.55555555556,2,0
9,6,4,1,1,1.0,4,1,2.7,2,0,9,6,4,1,1,1.0,4,1,2.7,2,0
9,9,9,0,0,0.0,8,0,5.4,1,0,9,9,9,0,0,0.0,8,0,5.4,1,0
10,0,0,0,0,0,0,0,0,0,0,10,0,0,0,0,0,0,0,0,0,0
6,6,4,3,3,3.0,4,1,3.0,2,0,6,6,4,3,3,3.0,4,1,3.0,2,0
6,0,0,0,0,0,0,0,0,0,0,6,0,0,0,0,0,0,0,0,0,0
2,2,2,0,0,0.0,1,0,1.66666666667,1,0,2,2,2,0,0,0.0,1,0,1.66666666667,1,0
9,27,10,20,4,9.0,21,4,6.47058823529,2,0,9,27,10,20,4,9.0,21,4,6.47058823529,2,0
9,22,16,8,1,3.25,17,4,8.0,1,0,9,22,16,8,1,3.25,17,4,8.0,1,0
9,18,15,3,3,3.0,17,1,9.10526315789,1,0,9,18,15,3,3,3.0,17,1,9.10526315789,1,0
9,20,10,5,2,3.5,17,2,5.95652173913,1,0,9,20,10,5,2,3.5,17,2,5.95652173913,1,0
2,2,2,0,0,0.0,1,0,1.66666666667,1,0,2,2,2,0,0,0.0,1,0,1.66666666667,1,0
9,7,4,1,1,1.0,4,1,2.90909090909,2,0,9,7,4,1,1,1.0,4,1,2.90909090909,2,0
3,3,3,0,0,0.0,2,0,2.25,1,0,3,3,3,0,0,0.0,2,0,2.25,1,0
2,2,2,0,0,0.0,1,0,1.66666666667,1,0,2,2,2,0,0,0.0,1,0,1.66666666667,1,0
8,8,6,2,2,2.0,6,1,4.22222222222,1,0,8,8,6,2,2,2.0,6,1,4.22222222222,1,0
3,3,3,0,0,0.0,3,0,2.25,1,0,3,3,3,0,0,0.0,3,0,2.25,1,0
9,11,8,5,1,3.0,8,2,5.08333333333,1,0,9,11,8,5,1,3.0,8,2,5.08333333333,1,0
9,22,11,7,1,4.0,19,2,5.5,2,0,9,22,11,7,1,4.0,19,2,5.5,2,0
0,0,0,0,0,0,0,0,0,0,0,0,0,0,0,0,0,0,0,0,0,0
0,0,0,0,0,0,0,0,0,0,0,0,0,0,0,0,0,0,0,0,0,0
6,6,6,4,4,4.0,4,1,3.85714285714,1,0,6,6,6,4,4,4.0,4,1,3.85714285714,1,0
9,13,6,5,5,5.0,10,1,4.25,1,0,9,13,6,5,5,5.0,10,1,4.25,1,0
9,28,10,7,1,3.0,21,5,5.75675675676,2,0,9,28,10,7,1,3.0,21,5,5.75675675676,2,0
9,8,4,0,0,0.0,6,0,3.27272727273,2,0,9,8,4,0,0,0.0,6,0,3.27272727273,2,0
9,18,8,3,1,1.83333333333,11,6,5.33333333333,1,0,9,18,8,3,1,1.83333333333,11,6,5.33333333333,1,0
9,17,10,15,4,9.5,14,2,5.90476190476,2,0,9,17,10,15,4,9.5,14,2,5.90476190476,2,0
8,5,4,1,1,1.0,3,1,3.11111111111,1,0,8,5,4,1,1,1.0,3,1,3.11111111111,1,0
6,6,5,2,2,2.0,4,1,3.57142857143,1,0,6,6,5,2,2,2.0,4,1,3.57142857143,1,0
14,4,3,3,3,3.0,2,1,2.6,1,0,14,4,3,3,3,3.0,2,1,2.6,1,0
5,5,4,1,1,1.0,4,1,3.0,1,0,5,5,4,1,1,1.0,4,1,3.0,1,0
9,14,9,6,2,4.0,12,2,5.93333333333,1,0,9,14,9,6,2,4.0,12,2,5.93333333333,1,0
9,11,10,1,1,1.0,9,1,5.91666666667,1,0,9,11,10,1,1,1.0,9,1,5.91666666667,1,0
5,5,4,1,1,1.0,3,1,3.0,1,0,5,5,4,1,1,1.0,3,1,3.0,1,0
1,1,1,0,0,0.0,0,0,1.0,1,0,1,1,1,0,0,0.0,0,0,1.0,1,0
9,21,9,3,3,3.0,18,2,5.33333333333,2,0,9,21,9,3,3,3.0,18,2,5.33333333333,2,0
6,6,6,0,0,0.0,5,0,3.85714285714,1,0,6,6,6,0,0,0.0,5,0,3.85714285714,1,0
9,21,11,3,1,2.0,18,2,6.07692307692,1,0,9,21,11,3,1,2.0,18,2,6.07692307692,1,0
9,19,11,8,2,4.66666666667,15,3,7.55,1,0,9,19,11,8,2,4.66666666667,15,3,7.55,1,0
6,6,6,0,0,0.0,5,0,3.85714285714,1,0,6,6,6,0,0,0.0,5,0,3.85714285714,1,0
9,12,7,3,1,2.0,9,2,4.6,1,0,9,12,7,3,1,2.0,9,2,4.6,1,0
4,4,4,0,0,0.0,3,0,2.8,1,0,4,4,4,0,0,0.0,3,0,2.8,1,0
9,11,9,6,1,3.33333333333,8,3,5.41666666667,1,0,9,11,9,6,1,3.33333333333,8,3,5.41666666667,1,0
9,26,16,16,1,5.2,21,5,8.81481481481,1,0,9,26,16,16,1,5.2,21,5,8.81481481481,1,0
9,26,18,5,3,4.0,23,3,10.5185185185,1,0,9,26,18,5,3,4.0,23,3,10.5185185185,1,0
0,0,0,0,0,0,0,0,0,0,0,0,0,0,0,0,0,0,0,0,0,0
9,29,13,7,1,4.25,24,4,7.125,1,0,9,29,13,7,1,4.25,24,4,7.125,1,0
9,37,26,12,3,5.75,33,4,16.4736842105,1,0,9,37,26,12,3,5.75,33,4,16.4736842105,1,0
1,1,1,0,0,0.0,0,0,1.0,1,0,1,1,1,0,0,0.0,0,0,1.0,1,0
9,14,9,1,1,1.0,12,1,4.88888888889,1,0,9,14,9,1,1,1.0,12,1,4.88888888889,1,0
9,22,11,7,1,4.0,18,3,5.96153846154,2,0,9,22,11,7,1,4.0,18,3,5.96153846154,2,0
9,26,19,4,1,2.66666666667,23,3,10.9259259259,1,0,9,26,19,4,1,2.66666666667,23,3,10.9259259259,1,0
9,25,19,6,2,4.0,23,2,9.30769230769,1,0,9,25,19,6,2,4.0,23,2,9.30769230769,1,0
9,0,0,0,0,0,0,0,0,0,0,9,0,0,0,0,0,0,0,0,0,0
2,2,2,0,0,0.0,1,0,1.66666666667,1,0,2,2,2,0,0,0.0,1,0,1.66666666667,1,0
6,6,6,0,0,0.0,6,0,3.85714285714,1,0,6,6,6,0,0,0.0,6,0,3.85714285714,1,0
4,4,4,0,0,0.0,4,0,2.8,1,0,4,4,4,0,0,0.0,4,0,2.8,1,0
9,9,9,0,0,0.0,9,0,5.4,1,0,9,9,9,0,0,0.0,9,0,5.4,1,0
5,5,5,0,0,0.0,5,0,3.33333333333,1,0,5,5,5,0,0,0.0,5,0,3.33333333333,1,0
5,5,5,0,0,0.0,4,0,3.33333333333,1,0,5,5,5,0,0,0.0,4,0,3.33333333333,1,0
9,10,6,6,2,4.0,8,2,4.27272727273,1,0,9,10,6,6,2,4.0,8,2,4.27272727273,1,0
4,4,4,0,0,0.0,3,0,2.8,1,0,4,4,4,0,0,0.0,3,0,2.8,1,0
4,4,4,0,0,0.0,3,0,2.8,1,0,4,4,4,0,0,0.0,3,0,2.8,1,0
4,4,4,3,3,3.0,2,1,2.8,1,0,4,4,4,3,3,3.0,2,1,2.8,1,0
9,21,18,2,1,1.33333333333,18,3,10.0,1,0,9,21,18,2,1,1.33333333333,18,3,10.0,1,0
9,18,9,0,0,0.0,16,0,5.30769230769,1,0,9,18,9,0,0,0.0,16,0,5.30769230769,1,0
2,2,2,0,0,0.0,1,0,1.66666666667,1,0,2,2,2,0,0,0.0,1,0,1.66666666667,1,0
9,12,8,4,2,3.0,9,3,5.07692307692,1,0,9,12,8,4,2,3.0,9,3,5.07692307692,1,0
9,13,13,0,0,0.0,12,0,7.42857142857,1,0,9,13,13,0,0,0.0,12,0,7.42857142857,1,0
9,15,11,2,1,1.66666666667,12,3,6.3125,1,0,9,15,11,2,1,1.66666666667,12,3,6.3125,1,0
9,29,18,5,2,3.66666666667,25,3,8.02941176471,2,0,9,29,18,5,2,3.66666666667,25,3,8.02941176471,2,0
9,24,15,15,1,10.0,21,3,7.88,1,0,9,24,15,15,1,10.0,21,3,7.88,1,0
9,36,20,13,1,4.6,25,10,10.3333333333,1,0,9,36,20,13,1,4.6,25,10,10.3333333333,1,0
9,14,10,3,1,2.0,11,2,5.73333333333,2,0,9,14,10,3,1,2.0,11,2,5.73333333333,2,0
9,20,13,4,1,2.0,14,6,7.52380952381,1,0,9,20,13,4,1,2.0,14,6,7.52380952381,1,0
7,7,7,0,0,0.0,7,0,4.375,1,0,7,7,7,0,0,0.0,7,0,4.375,1,0
8,8,6,1,1,1.0,6,2,4.22222222222,1,0,8,8,6,1,1,1.0,6,2,4.22222222222,1,0
9,14,7,2,2,2.0,11,1,4.41176470588,2,0,9,14,7,2,2,2.0,11,1,4.41176470588,2,0
9,12,5,7,1,4.33333333333,8,3,4.375,2,0,9,12,5,7,1,4.33333333333,8,3,4.375,2,0
9,9,7,8,1,4.5,7,2,4.4,1,0,9,9,7,8,1,4.5,7,2,4.4,1,0
9,24,13,8,3,5.16666666667,18,6,7.4,1,0,9,24,13,8,3,5.16666666667,18,6,7.4,1,0
9,12,7,0,0,0.0,11,0,4.0,2,0,9,12,7,0,0,0.0,11,0,4.0,2,0
6,6,5,1,1,1.0,5,1,3.42857142857,1,0,6,6,5,1,1,1.0,5,1,3.42857142857,1,0
8,8,8,0,0,0.0,8,0,4.88888888889,1,0,8,8,8,0,0,0.0,8,0,4.88888888889,1,0
9,15,9,7,1,3.33333333333,12,3,6.375,1,0,9,15,9,7,1,3.33333333333,12,3,6.375,1,0
9,30,25,4,1,2.5,28,2,14.7419354839,1,0,9,30,25,4,1,2.5,28,2,14.7419354839,1,0
9,25,18,18,2,10.0,23,2,8.92307692308,1,0,9,25,18,18,2,10.0,23,2,8.92307692308,1,0
9,24,10,6,1,2.75,19,4,6.25,1,0,9,24,10,6,1,2.75,19,4,6.25,1,0
9,23,14,7,2,4.25,19,4,7.45833333333,1,0,9,23,14,7,2,4.25,19,4,7.45833333333,1,0
7,7,7,0,0,0.0,6,0,4.375,1,0,7,7,7,0,0,0.0,6,0,4.375,1,0
4,0,0,0,0,0,0,0,0,0,0,4,0,0,0,0,0,0,0,0,0,0
9,8,6,0,0,0.0,7,0,3.81818181818,1,0,9,8,6,0,0,0.0,7,0,3.81818181818,1,0
5,5,3,1,1,1.0,2,2,2.66666666667,2,0,5,5,3,1,1,1.0,2,2,2.66666666667,2,0
9,10,7,7,1,4.0,7,3,4.72727272727,1,0,9,10,7,7,1,4.0,7,3,4.72727272727,1,0
9,22,14,3,1,2.0,18,2,6.55555555556,1,0,9,22,14,3,1,2.0,18,2,6.55555555556,1,0
9,31,13,7,1,2.625,22,8,7.26470588235,1,0,9,31,13,7,1,2.625,22,8,7.26470588235,1,0
9,13,9,11,2,5.66666666667,10,3,5.71428571429,1,0,9,13,9,11,2,5.66666666667,10,3,5.71428571429,1,0
8,8,8,0,0,0.0,8,0,4.88888888889,1,0,8,8,8,0,0,0.0,8,0,4.88888888889,1,0
15,3,3,0,0,0.0,2,0,2.25,1,0,15,3,3,0,0,0.0,2,0,2.25,1,0
9,11,11,4,1,2.5,8,2,6.41666666667,1,0,9,11,11,4,1,2.5,8,2,6.41666666667,1,0
9,12,9,0,0,0.0,11,0,4.875,1,0,9,12,9,0,0,0.0,11,0,4.875,1,0
9,19,13,8,1,4.0,15,3,6.82608695652,1,0,9,19,13,8,1,4.0,15,3,6.82608695652,1,0
9,19,16,3,2,2.5,17,2,9.2,1,0,9,19,16,3,2,2.5,17,2,9.2,1,0
9,15,8,0,0,0.0,13,0,4.83333333333,2,0,9,15,8,0,0,0.0,13,0,4.83333333333,2,0
9,11,7,4,4,4.0,9,1,4.14285714286,2,0,9,11,7,4,4,4.0,9,1,4.14285714286,2,0
9,10,10,0,0,0.0,9,0,5.90909090909,1,0,9,10,10,0,0,0.0,9,0,5.90909090909,1,0
2,2,2,0,0,0.0,1,0,1.66666666667,1,0,2,2,2,0,0,0.0,1,0,1.66666666667,1,0
2,2,2,0,0,0.0,1,0,1.66666666667,1,0,2,2,2,0,0,0.0,1,0,1.66666666667,1,0
9,21,10,10,3,6.5,19,2,6.27272727273,1,0,9,21,10,10,3,6.5,19,2,6.27272727273,1,0
3,3,3,0,0,0.0,2,0,2.25,1,0,3,3,3,0,0,0.0,2,0,2.25,1,0
9,26,10,0,0,0.0,25,0,5.41935483871,2,0,9,26,10,0,0,0.0,25,0,5.41935483871,2,0
5,5,4,1,1,1.0,3,1,3.0,1,0,5,5,4,1,1,1.0,3,1,3.0,1,0
9,25,15,5,5,5.0,22,1,7.53333333333,1,0,9,25,15,5,5,5.0,22,1,7.53333333333,1,0
9,15,11,2,1,1.5,11,2,5.65,1,0,9,15,11,2,1,1.5,11,2,5.65,1,0
1,1,1,0,0,0.0,0,0,1.0,1,0,1,1,1,0,0,0.0,0,0,1.0,1,0
9,25,11,3,2,2.5,22,2,6.51724137931,1,0,9,25,11,3,2,2.5,22,2,6.51724137931,1,0
6,6,5,1,1,1.0,5,1,3.42857142857,1,0,6,6,5,1,1,1.0,5,1,3.42857142857,1,0
9,22,11,2,2,2.0,19,1,6.10344827586,1,0,9,22,11,2,2,2.0,19,1,6.10344827586,1,0
9,11,5,1,1,1.0,8,2,4.0,1,0,9,11,5,1,1,1.0,8,2,4.0,1,0
9,29,17,7,1,3.0,24,5,9.96666666667,1,0,9,29,17,7,1,3.0,24,5,9.96666666667,1,0
5,5,4,1,1,1.0,3,1,3.16666666667,1,0,5,5,4,1,1,1.0,3,1,3.16666666667,1,0
0,0,0,0,0,0,0,0,0,0,0,0,0,0,0,0,0,0,0,0,0,0
9,29,14,11,1,6.0,22,7,8.33333333333,1,0,9,29,14,11,1,6.0,22,7,8.33333333333,1,0
8,0,0,0,0,0,0,0,0,0,0,8,0,0,0,0,0,0,0,0,0,0
9,16,10,1,1,1.0,14,1,5.52631578947,1,0,9,16,10,1,1,1.0,14,1,5.52631578947,1,0
8,8,7,7,1,4.0,5,2,4.44444444444,1,0,8,8,7,7,1,4.0,5,2,4.44444444444,1,0
9,9,4,0,0,0.0,8,0,3.41666666667,2,0,9,9,4,0,0,0.0,8,0,3.41666666667,2,0
6,4,3,0,0,0.0,2,0,2.28571428571,2,0,6,4,3,0,0,0.0,2,0,2.28571428571,2,0
6,6,6,0,0,0.0,5,0,3.85714285714,1,0,6,6,6,0,0,0.0,5,0,3.85714285714,1,0
9,13,6,0,0,0.0,12,0,4.0,2,0,9,13,6,0,0,0.0,12,0,4.0,2,0
9,13,11,1,1,1.0,11,2,6.21428571429,1,0,9,13,11,1,1,1.0,11,2,6.21428571429,1,0
9,9,6,3,3,3.0,7,1,3.91666666667,1,0,9,9,6,3,3,3.0,7,1,3.91666666667,1,0
0,0,0,0,0,0,0,0,0,0,0,0,0,0,0,0,0,0,0,0,0,0
9,25,12,10,1,5.25,21,4,6.88461538462,1,0,9,25,12,10,1,5.25,21,4,6.88461538462,1,0
9,18,11,11,3,7.0,15,2,6.19047619048,1,0,9,18,11,11,3,7.0,15,2,6.19047619048,1,0
