length,num_nodes,depth,max_range_reverse,min_range_reverse,mean_range_reverse,num_normal,num_reverse,mean_height_from_leaf,min_height_tree_from_leaf,reverse_max_depth,flattened_length,flattened_num_nodes,flattened_depth,flattened_max_range_reverse,flattened_min_range_reverse,flattened_mean_range_reverse,flattened_num_normal,flattened_num_reverse,flattened_mean_height_from_leaf,flattened_min_height_tree_from_leaf,flattened_reverse_max_depth
3,3,3,0,0,0.0,3,0,2.25,1,0,3,3,3,0,0,0.0,3,0,2.25,1,0
9,16,12,3,1,2.0,14,2,7.17647058824,1,0,9,16,12,3,1,2.0,14,2,7.17647058824,1,0
0,0,0,0,0,0,0,0,0,0,0,0,0,0,0,0,0,0,0,0,0,0
2,0,0,0,0,0,0,0,0,0,0,2,0,0,0,0,0,0,0,0,0,0
3,3,3,0,0,0.0,3,0,2.25,1,0,3,3,3,0,0,0.0,3,0,2.25,1,0
9,13,13,0,0,0.0,13,0,7.42857142857,1,0,9,13,13,0,0,0.0,13,0,7.42857142857,1,0
5,5,5,0,0,0.0,5,0,3.33333333333,1,0,5,5,5,0,0,0.0,5,0,3.33333333333,1,0
9,27,13,3,3,3.0,25,1,6.28125,2,0,9,27,13,3,3,3.0,25,1,6.28125,2,0
8,8,6,4,1,2.5,6,2,4.22222222222,1,0,8,8,6,4,1,2.5,6,2,4.22222222222,1,0
9,14,13,1,1,1.0,13,1,7.53333333333,1,0,9,14,13,1,1,1.0,13,1,7.53333333333,1,0
9,23,11,8,1,4.0,19,4,7.875,1,0,9,23,11,8,1,4.0,19,4,7.875,1,0
9,9,9,8,8,8.0,8,1,5.4,1,0,9,9,9,8,8,8.0,8,1,5.4,1,0
9,7,6,1,1,1.0,5,1,3.36363636364,1,0,9,7,6,1,1,1.0,5,1,3.36363636364,1,0
5,5,5,0,0,0.0,5,0,3.33333333333,1,0,5,5,5,0,0,0.0,5,0,3.33333333333,1,0
9,19,9,1,1,1.0,17,1,4.91304347826,2,0,9,19,9,1,1,1.0,17,1,4.91304347826,2,0
9,11,11,0,0,0.0,11,0,6.41666666667,1,0,9,11,11,0,0,0.0,11,0,6.41666666667,1,0
9,21,11,16,1,7.66666666667,15,6,7.27272727273,1,0,9,21,11,16,1,7.66666666667,15,6,7.27272727273,1,0
9,27,23,3,1,2.0,25,2,11.6785714286,1,0,9,27,23,3,1,2.0,25,2,11.6785714286,1,0
9,22,10,1,1,1.0,19,2,5.44444444444,2,0,9,22,10,1,1,1.0,19,2,5.44444444444,2,0
9,14,8,1,1,1.0,12,1,4.64705882353,2,0,9,14,8,1,1,1.0,12,1,4.64705882353,2,0
9,12,9,1,1,1.0,9,2,4.93333333333,1,0,9,12,9,1,1,1.0,9,2,4.93333333333,1,0
9,20,14,2,1,1.5,17,2,6.45833333333,2,0,9,20,14,2,1,1.5,17,2,6.45833333333,2,0
9,17,13,4,1,2.33333333333,14,3,8.38888888889,1,0,9,17,13,4,1,2.33333333333,14,3,8.38888888889,1,0
6,6,6,0,0,0.0,6,0,3.85714285714,1,0,6,6,6,0,0,0.0,6,0,3.85714285714,1,0
9,14,9,8,1,4.5,12,2,5.66666666667,1,0,9,14,9,8,1,4.5,12,2,5.66666666667,1,0
9,9,9,3,3,3.0,8,1,5.4,1,0,9,9,9,3,3,3.0,8,1,5.4,1,0
9,17,8,2,2,2.0,15,1,4.9,2,0,9,17,8,2,2,2.0,15,1,4.9,2,0
5,5,5,0,0,0.0,4,0,3.33333333333,1,0,5,5,5,0,0,0.0,4,0,3.33333333333,1,0
9,21,12,1,1,1.0,19,1,6.625,2,0,9,21,12,1,1,1.0,19,1,6.625,2,0
9,11,10,1,1,1.0,10,1,5.83333333333,1,0,9,11,10,1,1,1.0,10,1,5.83333333333,1,0
5,5,4,2,2,2.0,4,1,3.0,1,0,5,5,4,2,2,2.0,4,1,3.0,1,0
9,33,29,1,1,1.0,29,4,16.2058823529,1,0,9,33,29,1,1,1.0,29,4,16.2058823529,1,0
9,16,7,4,1,1.75,11,4,4.47619047619,2,0,9,16,7,4,1,1.75,11,4,4.47619047619,2,0
9,12,12,0,0,0.0,12,0,6.92307692308,1,0,9,12,12,0,0,0.0,12,0,6.92307692308,1,0
9,27,20,5,1,2.33333333333,24,3,10.5714285714,1,0,9,27,20,5,1,2.33333333333,24,3,10.5714285714,1,0
0,0,0,0,0,0,0,0,0,0,0,0,0,0,0,0,0,0,0,0,0,0
9,16,14,0,0,0.0,15,0,6.75,2,0,9,16,14,0,0,0.0,15,0,6.75,2,0
9,24,19,3,1,1.5,20,4,10.6,1,0,9,24,19,3,1,1.5,20,4,10.6,1,0
9,16,8,3,2,2.5,13,2,4.7619047619,2,0,9,16,8,3,2,2.5,13,2,4.7619047619,2,0
9,13,13,0,0,0.0,13,0,7.42857142857,1,0,9,13,13,0,0,0.0,13,0,7.42857142857,1,0
3,3,3,0,0,0.0,3,0,2.25,1,0,3,3,3,0,0,0.0,3,0,2.25,1,0
2,2,2,0,0,0.0,2,0,1.66666666667,1,0,2,2,2,0,0,0.0,2,0,1.66666666667,1,0
9,9,7,1,1,1.0,7,2,5.0,1,0,9,9,7,1,1,1.0,7,2,5.0,1,0
9,10,10,0,0,0.0,10,0,5.90909090909,1,0,9,10,10,0,0,0.0,10,0,5.90909090909,1,0
9,19,14,4,1,2.0,16,3,7.95,1,0,9,19,14,4,1,2.0,16,3,7.95,1,0
4,4,4,0,0,0.0,4,0,2.8,1,0,4,4,4,0,0,0.0,4,0,2.8,1,0
9,6,4,0,0,0.0,5,0,3.2,1,0,9,6,4,0,0,0.0,5,0,3.2,1,0
7,7,6,5,2,3.5,5,2,4.0,1,0,7,7,6,5,2,3.5,5,2,4.0,1,0
9,12,9,8,4,6.0,10,2,6.0,1,0,9,12,9,8,4,6.0,10,2,6.0,1,0
9,9,5,0,0,0.0,8,0,3.5,2,0,9,9,5,0,0,0.0,8,0,3.5,2,0
4,4,4,0,0,0.0,3,0,2.8,1,0,4,4,4,0,0,0.0,3,0,2.8,1,0
8,8,8,0,0,0.0,8,0,4.88888888889,1,0,8,8,8,0,0,0.0,8,0,4.88888888889,1,0
9,9,9,0,0,0.0,9,0,5.4,1,0,9,9,9,0,0,0.0,9,0,5.4,1,0
9,10,7,8,2,5.0,8,2,4.81818181818,1,0,9,10,7,8,2,5.0,8,2,4.81818181818,1,0
9,26,14,3,2,2.5,23,2,6.77419354839,1,0,9,26,14,3,2,2.5,23,2,6.77419354839,1,0
9,2,2,0,0,0.0,1,0,1.66666666667,1,0,9,2,2,0,0,0.0,1,0,1.66666666667,1,0
9,12,6,1,1,1.0,9,2,4.4,1,0,9,12,6,1,1,1.0,9,2,4.4,1,0
9,29,24,5,1,2.33333333333,26,3,13.9,1,0,9,29,24,5,1,2.33333333333,26,3,13.9,1,0
9,30,20,15,1,6.0,25,5,11.8709677419,1,0,9,30,20,15,1,6.0,25,5,11.8709677419,1,0
9,21,17,5,3,4.0,19,2,10.7272727273,1,0,9,21,17,5,3,4.0,19,2,10.7272727273,1,0
9,20,8,3,1,2.0,17,2,5.0,2,0,9,20,8,3,1,2.0,17,2,5.0,2,0
7,7,6,1,1,1.0,5,1,3.75,2,0,7,7,6,1,1,1.0,5,1,3.75,2,0
9,22,14,9,1,5.0,19,2,7.16,2,0,9,22,14,9,1,5.0,19,2,7.16,2,0
9,11,9,3,1,2.0,8,3,5.91666666667,1,0,9,11,9,3,1,2.0,8,3,5.91666666667,1,0
2,2,2,1,1,1.0,0,1,1.66666666667,1,0,2,2,2,1,1,1.0,0,1,1.66666666667,1,0
1,1,1,0,0,0.0,0,0,1.0,1,0,1,1,1,0,0,0.0,0,0,1.0,1,0
9,24,17,7,1,4.0,22,2,8.48,1,0,9,24,17,7,1,4.0,22,2,8.48,1,0
5,5,4,4,4,4.0,4,1,3.0,1,0,5,5,4,4,4,4.0,4,1,3.0,1,0
9,14,9,3,2,2.5,12,2,6.0,1,0,9,14,9,3,2,2.5,12,2,6.0,1,0
6,6,6,1,1,1.0,5,1,3.85714285714,1,0,6,6,6,1,1,1.0,5,1,3.85714285714,1,0
9,9,9,1,1,1.0,8,1,5.4,1,0,9,9,9,1,1,1.0,8,1,5.4,1,0
7,7,5,6,6,6.0,6,1,3.625,1,0,7,7,5,6,6,6.0,6,1,3.625,1,0
4,4,4,0,0,0.0,4,0,2.8,1,0,4,4,4,0,0,0.0,4,0,2.8,1,0
9,12,11,1,1,1.0,10,2,6.30769230769,1,0,9,12,11,1,1,1.0,10,2,6.30769230769,1,0
3,3,3,1,1,1.0,1,1,2.25,1,0,3,3,3,1,1,1.0,1,1,2.25,1,0
5,5,5,0,0,0.0,5,0,3.33333333333,1,0,5,5,5,0,0,0.0,5,0,3.33333333333,1,0
9,23,19,3,1,1.66666666667,20,3,9.83333333333,1,0,9,23,19,3,1,1.66666666667,20,3,9.83333333333,1,0
9,17,15,1,1,1.0,14,2,8.88888888889,1,0,9,17,15,1,1,1.0,14,2,8.88888888889,1,0
9,21,16,0,0,0.0,20,0,7.5,2,0,9,21,16,0,0,0.0,20,0,7.5,2,0
9,18,16,1,1,1.0,16,2,8.78947368421,1,0,9,18,16,1,1,1.0,16,2,8.78947368421,1,0
9,11,10,1,1,1.0,9,1,5.75,1,0,9,11,10,1,1,1.0,9,1,5.75,1,0
9,11,11,1,1,1.0,10,1,6.41666666667,1,0,9,11,11,1,1,1.0,10,1,6.41666666667,1,0
7,7,7,0,0,0.0,6,0,4.375,1,0,7,7,7,0,0,0.0,6,0,4.375,1,0
9,31,21,6,1,3.5,27,4,12.96875,1,0,9,31,21,6,1,3.5,27,4,12.96875,1,0
9,9,9,0,0,0.0,8,0,5.4,1,0,9,9,9,0,0,0.0,8,0,5.4,1,0
9,7,5,0,0,0.0,6,0,3.08333333333,1,0,9,7,5,0,0,0.0,6,0,3.08333333333,1,0
9,18,11,2,2,2.0,15,2,5.85714285714,2,0,9,18,11,2,2,2.0,15,2,5.85714285714,2,0
9,35,14,6,1,2.6,29,5,8.28947368421,2,0,9,35,14,6,1,2.6,29,5,8.28947368421,2,0
9,30,15,10,1,3.0,24,6,9.64516129032,1,0,9,30,15,10,1,3.0,24,6,9.64516129032,1,0
9,20,11,5,2,3.25,16,4,6.61904761905,1,0,9,20,11,5,2,3.25,16,4,6.61904761905,1,0
9,19,14,0,0,0.0,18,0,6.68181818182,2,0,9,19,14,0,0,0.0,18,0,6.68181818182,2,0
2,2,2,0,0,0.0,1,0,1.66666666667,1,0,2,2,2,0,0,0.0,1,0,1.66666666667,1,0
9,10,8,9,1,5.0,8,2,4.81818181818,1,0,9,10,8,9,1,5.0,8,2,4.81818181818,1,0
1,1,1,1,1,1.0,0,1,1.0,1,0,1,1,1,1,1,1.0,0,1,1.0,1,0
9,29,21,3,1,1.8,24,5,12.0666666667,1,0,9,29,21,3,1,1.8,24,5,12.0666666667,1,0
9,23,21,1,1,1.0,21,2,12.1666666667,1,0,9,23,21,1,1,1.0,21,2,12.1666666667,1,0
9,18,11,4,4,4.0,16,1,5.57142857143,2,0,9,18,11,4,4,4.0,16,1,5.57142857143,2,0
9,16,14,6,1,2.66666666667,12,3,8.58823529412,1,0,9,16,14,6,1,2.66666666667,12,3,8.58823529412,1,0
6,6,6,0,0,0.0,5,0,3.85714285714,1,0,6,6,6,0,0,0.0,5,0,3.85714285714,1,0
9,18,15,2,1,1.5,16,2,8.15789473684,1,0,9,18,15,2,1,1.5,16,2,8.15789473684,1,0
8,8,7,1,1,1.0,7,1,4.77777777778,1,0,8,8,7,1,1,1.0,7,1,4.77777777778,1,0
4,4,4,0,0,0.0,3,0,2.8,1,0,4,4,4,0,0,0.0,3,0,2.8,1,0
3,3,3,0,0,0.0,2,0,2.25,1,0,3,3,3,0,0,0.0,2,0,2.25,1,0
9,17,16,1,1,1.0,16,1,9.16666666667,1,0,9,17,16,1,1,1.0,16,1,9.16666666667,1,0
9,12,12,0,0,0.0,11,0,6.92307692308,1,0,9,12,12,0,0,0.0,11,0,6.92307692308,1,0
9,18,6,6,1,3.5,15,2,4.45454545455,2,0,9,18,6,6,1,3.5,15,2,4.45454545455,2,0
9,22,12,13,1,3.33333333333,15,6,6.32,1,0,9,22,12,13,1,3.33333333333,15,6,6.32,1,0
9,18,9,8,1,4.25,14,4,5.94736842105,1,0,9,18,9,8,1,4.25,14,4,5.94736842105,1,0
9,16,14,1,1,1.0,13,3,7.88235294118,1,0,9,16,14,1,1,1.0,13,3,7.88235294118,1,0
9,10,9,1,1,1.0,9,1,5.45454545455,1,0,9,10,9,1,1,1.0,9,1,5.45454545455,1,0
9,24,17,23,1,6.0,19,5,9.32,1,0,9,24,17,23,1,6.0,19,5,9.32,1,0
0,0,0,0,0,0,0,0,0,0,0,0,0,0,0,0,0,0,0,0,0,0
9,24,21,2,1,1.33333333333,21,3,11.68,1,0,9,24,21,2,1,1.33333333333,21,3,11.68,1,0
9,17,14,2,1,1.5,15,2,8.16666666667,1,0,9,17,14,2,1,1.5,15,2,8.16666666667,1,0
0,0,0,0,0,0,0,0,0,0,0,0,0,0,0,0,0,0,0,0,0,0
9,35,28,3,1,1.4,30,5,15.2777777778,1,0,9,35,28,3,1,1.4,30,5,15.2777777778,1,0
9,12,9,0,0,0.0,11,0,4.8,2,0,9,12,9,0,0,0.0,11,0,4.8,2,0
9,17,8,1,1,1.0,15,1,4.68181818182,2,0,9,17,8,1,1,1.0,15,1,4.68181818182,2,0
7,7,6,2,1,1.5,5,2,4.0,1,0,7,7,6,2,1,1.5,5,2,4.0,1,0
9,17,8,0,0,0.0,16,0,5.13636363636,1,0,9,17,8,0,0,0.0,16,0,5.13636363636,1,0
4,4,3,3,3,3.0,3,1,2.6,1,0,4,4,3,3,3,3.0,3,1,2.6,1,0
0,0,0,0,0,0,0,0,0,0,0,0,0,0,0,0,0,0,0,0,0,0
9,19,14,7,1,2.5,15,4,8.0,1,0,9,19,14,7,1,2.5,15,4,8.0,1,0
0,0,0,0,0,0,0,0,0,0,0,0,0,0,0,0,0,0,0,0,0,0
9,9,5,1,1,1.0,7,1,4.0,1,0,9,9,5,1,1,1.0,7,1,4.0,1,0
3,3,3,0,0,0.0,2,0,2.25,1,0,3,3,3,0,0,0.0,2,0,2.25,1,0
9,10,6,0,0,0.0,9,0,3.53333333333,2,0,9,10,6,0,0,0.0,9,0,3.53333333333,2,0
9,6,4,0,0,0.0,5,0,2.63636363636,2,0,9,6,4,0,0,0.0,5,0,2.63636363636,2,0
9,31,20,1,1,1.0,28,2,9.20588235294,2,0,9,31,20,1,1,1.0,28,2,9.20588235294,2,0
9,19,10,8,1,4.0,15,4,6.15,1,0,9,19,10,8,1,4.0,15,4,6.15,1,0
5,5,4,4,4,4.0,3,1,3.0,1,0,5,5,4,4,4,4.0,3,1,3.0,1,0
9,13,8,1,1,1.0,11,1,4.75,2,0,9,13,8,1,1,1.0,11,1,4.75,2,0
3,3,3,0,0,0.0,3,0,2.25,1,0,3,3,3,0,0,0.0,3,0,2.25,1,0
9,18,14,3,1,2.0,15,3,8.84210526316,1,0,9,18,14,3,1,2.0,15,3,8.84210526316,1,0
9,15,11,5,3,4.0,13,2,7.125,1,0,9,15,11,5,3,4.0,13,2,7.125,1,0
9,25,13,3,1,1.66666666667,21,3,6.31034482759,2,0,9,25,13,3,1,1.66666666667,21,3,6.31034482759,2,0
9,31,28,1,1,1.0,28,3,14.84375,1,0,9,31,28,1,1,1.0,28,3,14.84375,1,0
5,5,4,2,2,2.0,4,1,3.0,1,0,5,5,4,2,2,2.0,4,1,3.0,1,0
7,7,6,1,1,1.0,6,1,3.875,1,0,7,7,6,1,1,1.0,6,1,3.875,1,0
9,30,19,10,1,4.0,27,3,11.2580645161,1,0,9,30,19,10,1,4.0,27,3,11.2580645161,1,0
9,14,13,1,1,1.0,13,1,7.4,1,0,9,14,13,1,1,1.0,13,1,7.4,1,0
9,18,16,3,1,1.66666666667,15,3,9.26315789474,1,0,9,18,16,3,1,1.66666666667,15,3,9.26315789474,1,0
7,7,7,0,0,0.0,7,0,4.375,1,0,7,7,7,0,0,0.0,7,0,4.375,1,0
6,6,6,0,0,0.0,6,0,3.85714285714,1,0,6,6,6,0,0,0.0,6,0,3.85714285714,1,0
9,14,12,3,1,2.0,12,2,7.2,1,0,9,14,12,3,1,2.0,12,2,7.2,1,0
9,16,12,2,1,1.33333333333,13,3,6.94117647059,1,0,9,16,12,2,1,1.33333333333,13,3,6.94117647059,1,0
9,19,17,1,1,1.0,17,2,9.35,1,0,9,19,17,1,1,1.0,17,2,9.35,1,0
9,36,32,2,1,1.25,32,4,17.2432432432,1,0,9,36,32,2,1,1.25,32,4,17.2432432432,1,0
4,4,4,1,1,1.0,3,1,2.8,1,0,4,4,4,1,1,1.0,3,1,2.8,1,0
7,7,7,0,0,0.0,6,0,4.375,1,0,7,7,7,0,0,0.0,6,0,4.375,1,0
9,11,11,0,0,0.0,11,0,6.41666666667,1,0,9,11,11,0,0,0.0,11,0,6.41666666667,1,0
9,14,13,1,1,1.0,13,1,7.66666666667,1,0,9,14,13,1,1,1.0,13,1,7.66666666667,1,0
8,8,8,2,2,2.0,7,1,4.88888888889,1,0,8,8,8,2,2,2.0,7,1,4.88888888889,1,0
9,26,20,1,1,1.0,24,1,9.44827586207,2,0,9,26,20,1,1,1.0,24,1,9.44827586207,2,0
13,3,3,0,0,0.0,2,0,2.25,1,0,13,3,3,0,0,0.0,2,0,2.25,1,0
9,25,12,9,1,2.0,17,8,6.88461538462,1,0,9,25,12,9,1,2.0,17,8,6.88461538462,1,0
7,7,5,6,1,3.5,5,2,3.625,1,0,7,7,5,6,1,3.5,5,2,3.625,1,0
9,15,12,2,1,1.33333333333,12,3,6.75,1,0,9,15,12,2,1,1.33333333333,12,3,6.75,1,0
9,12,12,5,5,5.0,11,1,6.92307692308,1,0,9,12,12,5,5,5.0,11,1,6.92307692308,1,0
8,8,8,0,0,0.0,8,0,4.88888888889,1,0,8,8,8,0,0,0.0,8,0,4.88888888889,1,0
9,30,24,2,1,1.6,25,5,13.2580645161,1,0,9,30,24,2,1,1.6,25,5,13.2580645161,1,0
8,8,5,7,4,5.5,6,2,3.77777777778,1,0,8,8,5,7,4,5.5,6,2,3.77777777778,1,0
9,24,20,3,1,2.0,22,2,12.08,1,0,9,24,20,3,1,2.0,22,2,12.08,1,0
9,18,13,4,1,2.33333333333,15,3,7.94736842105,1,0,9,18,13,4,1,2.33333333333,15,3,7.94736842105,1,0
9,19,11,3,1,2.0,15,4,6.85,1,0,9,19,11,3,1,2.0,15,4,6.85,1,0
9,32,14,4,1,2.25,27,4,7.65714285714,2,0,9,32,14,4,1,2.25,27,4,7.65714285714,2,0
25,3,3,2,2,2.0,1,1,2.25,1,0,25,3,3,2,2,2.0,1,1,2.25,1,0
9,23,9,4,1,1.75,18,4,6.07692307692,2,0,9,23,9,4,1,1.75,18,4,6.07692307692,2,0
9,10,10,2,2,2.0,8,1,5.90909090909,1,0,9,10,10,2,2,2.0,8,1,5.90909090909,1,0
9,16,10,11,1,4.66666666667,12,3,5.70588235294,2,0,9,16,10,11,1,4.66666666667,12,3,5.70588235294,2,0
9,14,12,2,1,1.33333333333,10,3,6.8,1,0,9,14,12,2,1,1.33333333333,10,3,6.8,1,0
9,28,21,3,1,1.75,24,4,10.6896551724,1,0,9,28,21,3,1,1.75,24,4,10.6896551724,1,0
9,13,7,7,1,3.66666666667,10,3,4.85714285714,1,0,9,13,7,7,1,3.66666666667,10,3,4.85714285714,1,0
7,7,7,4,4,4.0,6,1,4.375,1,0,7,7,7,4,4,4.0,6,1,4.375,1,0
9,26,13,2,1,1.33333333333,22,3,6.89655172414,2,0,9,26,13,2,1,1.33333333333,22,3,6.89655172414,2,0
0,0,0,0,0,0,0,0,0,0,0,0,0,0,0,0,0,0,0,0,0,0
9,25,21,1,1,1.0,21,4,12.0384615385,1,0,9,25,21,1,1,1.0,21,4,12.0384615385,1,0
9,19,15,2,1,1.33333333333,16,3,8.2,1,0,9,19,15,2,1,1.33333333333,16,3,8.2,1,0
9,24,18,5,1,2.4,19,5,10.84,1,0,9,24,18,5,1,2.4,19,5,10.84,1,0
9,23,18,5,2,3.5,21,2,11.0416666667,1,0,9,23,18,5,2,3.5,21,2,11.0416666667,1,0
9,21,16,3,1,1.66666666667,18,3,9.63636363636,1,0,9,21,16,3,1,1.66666666667,18,3,9.63636363636,1,0
9,17,13,1,1,1.0,13,4,7.88888888889,1,0,9,17,13,1,1,1.0,13,4,7.88888888889,1,0
9,16,14,3,1,1.66666666667,13,3,7.58823529412,1,0,9,16,14,3,1,1.66666666667,13,3,7.58823529412,1,0
7,5,5,0,0,0.0,4,0,3.25,1,0,7,5,5,0,0,0.0,4,0,3.25,1,0
9,19,14,14,1,4.8,14,5,8.35,1,0,9,19,14,14,1,4.8,14,5,8.35,1,0
9,14,12,2,2,2.0,12,1,6.86666666667,1,0,9,14,12,2,2,2.0,12,1,6.86666666667,1,0
7,7,7,0,0,0.0,7,0,4.375,1,0,7,7,7,0,0,0.0,7,0,4.375,1,0
9,29,11,5,1,2.83333333333,22,6,6.27272727273,2,0,9,29,11,5,1,2.83333333333,22,6,6.27272727273,2,0
9,11,11,0,0,0.0,11,0,6.41666666667,1,0,9,11,11,0,0,0.0,11,0,6.41666666667,1,0
9,16,10,11,1,3.4,11,5,5.70588235294,1,0,9,16,10,11,1,3.4,11,5,5.70588235294,1,0
9,20,18,11,1,5.33333333333,17,3,9.95238095238,1,0,9,20,18,11,1,5.33333333333,17,3,9.95238095238,1,0
9,9,8,1,1,1.0,8,1,5.2,1,0,9,9,8,1,1,1.0,8,1,5.2,1,0
7,7,7,0,0,0.0,6,0,4.375,1,0,7,7,7,0,0,0.0,6,0,4.375,1,0
9,7,5,1,1,1.0,5,1,3.58333333333,1,0,9,7,5,1,1,1.0,5,1,3.58333333333,1,0
0,0,0,0,0,0,0,0,0,0,0,0,0,0,0,0,0,0,0,0,0,0
9,26,9,3,1,1.4,19,5,5.21875,2,0,9,26,9,3,1,1.4,19,5,5.21875,2,0
9,20,10,10,10,10.0,17,1,5.28,2,0,9,20,10,10,10,10.0,17,1,5.28,2,0
0,0,0,0,0,0,0,0,0,0,0,0,0,0,0,0,0,0,0,0,0,0
9,22,9,4,3,3.5,19,2,5.44444444444,2,0,9,22,9,4,3,3.5,19,2,5.44444444444,2,0
9,9,7,2,2,2.0,7,1,5.0,1,0,9,9,7,2,2,2.0,7,1,5.0,1,0
25,0,0,0,0,0,0,0,0,0,0,25,0,0,0,0,0,0,0,0,0,0
9,25,13,7,1,3.33333333333,19,6,9.15384615385,1,0,9,25,13,7,1,3.33333333333,19,6,9.15384615385,1,0
8,2,2,0,0,0.0,1,0,1.66666666667,1,0,8,2,2,0,0,0.0,1,0,1.66666666667,1,0
9,9,6,0,0,0.0,8,0,3.75,2,0,9,9,6,0,0,0.0,8,0,3.75,2,0
9,20,20,2,2,2.0,19,1,10.9523809524,1,0,9,20,20,2,2,2.0,19,1,10.9523809524,1,0
9,11,6,1,1,1.0,9,1,3.92857142857,2,0,9,11,6,1,1,1.0,9,1,3.92857142857,2,0
9,13,10,7,1,4.0,11,2,6.14285714286,1,0,9,13,10,7,1,4.0,11,2,6.14285714286,1,0
9,19,16,1,1,1.0,16,3,8.8,1,0,9,19,16,1,1,1.0,16,3,8.8,1,0
9,23,18,21,1,5.4,18,5,10.875,1,0,9,23,18,21,1,5.4,18,5,10.875,1,0
8,8,8,2,2,2.0,7,1,4.88888888889,1,0,8,8,8,2,2,2.0,7,1,4.88888888889,1,0
7,7,5,2,2,2.0,6,1,3.625,1,0,7,7,5,2,2,2.0,6,1,3.625,1,0
9,22,22,0,0,0.0,22,0,11.9565217391,1,0,9,22,22,0,0,0.0,22,0,11.9565217391,1,0
9,17,12,6,1,3.5,15,2,7.33333333333,1,0,9,17,12,6,1,3.5,15,2,7.33333333333,1,0
9,9,7,2,2,2.0,8,1,5.0,1,0,9,9,7,2,2,2.0,8,1,5.0,1,0
9,12,12,4,4,4.0,11,1,6.92307692308,1,0,9,12,12,4,4,4.0,11,1,6.92307692308,1,0
9,9,8,1,1,1.0,8,1,5.2,1,0,9,9,8,1,1,1.0,8,1,5.2,1,0
8,8,5,4,1,2.5,6,2,3.77777777778,1,0,8,8,5,4,1,2.5,6,2,3.77777777778,1,0
9,15,11,14,1,5.33333333333,12,3,6.375,1,0,9,15,11,14,1,5.33333333333,12,3,6.375,1,0
9,14,14,1,1,1.0,13,1,7.93333333333,1,0,9,14,14,1,1,1.0,13,1,7.93333333333,1,0
9,13,11,2,1,1.33333333333,10,3,6.35714285714,1,0,9,13,11,2,1,1.33333333333,10,3,6.35714285714,1,0
9,8,4,1,1,1.0,6,1,3.0,2,0,9,8,4,1,1,1.0,6,1,3.0,2,0
9,12,7,4,1,2.5,10,2,4.69230769231,1,0,9,12,7,4,1,2.5,10,2,4.69230769231,1,0
9,33,28,2,1,1.25,29,4,14.6176470588,1,0,9,33,28,2,1,1.25,29,4,14.6176470588,1,0
9,26,25,1,1,1.0,25,1,13.4074074074,1,0,9,26,25,1,1,1.0,25,1,13.4074074074,1,0
9,25,10,2,1,1.5,22,2,5.79310344828,1,0,9,25,10,2,1,1.5,22,2,5.79310344828,1,0
9,26,14,5,1,2.8,21,5,8.96296296296,1,0,9,26,14,5,1,2.8,21,5,8.96296296296,1,0
9,9,6,10,10,10.0,7,1,4.28571428571,1,0,9,9,6,10,10,10.0,7,1,4.28571428571,1,0
9,34,16,3,1,1.8,28,5,7.27027027027,2,0,9,34,16,3,1,1.8,28,5,7.27027027027,2,0
9,21,8,1,1,1.0,17,2,5.15384615385,2,0,9,21,8,1,1,1.0,17,2,5.15384615385,2,0
9,22,9,2,1,1.33333333333,18,3,4.96,2,0,9,22,9,2,1,1.33333333333,18,3,4.96,2,0
4,4,4,0,0,0.0,3,0,2.8,1,0,4,4,4,0,0,0.0,3,0,2.8,1,0
9,28,23,2,1,1.25,24,4,13.0,1,0,9,28,23,2,1,1.25,24,4,13.0,1,0
9,14,14,0,0,0.0,14,0,7.93333333333,1,0,9,14,14,0,0,0.0,14,0,7.93333333333,1,0
9,16,13,2,1,1.5,14,2,7.52941176471,1,0,9,16,13,2,1,1.5,14,2,7.52941176471,1,0
15,0,0,0,0,0,0,0,0,0,0,15,0,0,0,0,0,0,0,0,0,0
9,24,11,2,1,1.33333333333,20,3,6.42857142857,2,0,9,24,11,2,1,1.33333333333,20,3,6.42857142857,2,0
9,27,23,1,1,1.0,23,4,12.6428571429,1,0,9,27,23,1,1,1.0,23,4,12.6428571429,1,0
8,8,8,0,0,0.0,8,0,4.88888888889,1,0,8,8,8,0,0,0.0,8,0,4.88888888889,1,0
3,0,0,0,0,0,0,0,0,0,0,3,0,0,0,0,0,0,0,0,0,0
9,22,22,0,0,0.0,22,0,11.9565217391,1,0,9,22,22,0,0,0.0,22,0,11.9565217391,1,0
9,16,7,4,3,3.5,13,2,4.68421052632,2,0,9,16,7,4,3,3.5,13,2,4.68421052632,2,0
9,34,23,2,1,1.33333333333,30,3,10.1315789474,2,0,9,34,23,2,1,1.33333333333,30,3,10.1315789474,2,0
8,6,4,0,0,0.0,5,0,2.77777777778,2,0,8,6,4,0,0,0.0,5,0,2.77777777778,2,0
9,17,16,4,4,4.0,16,1,9.33333333333,1,0,9,17,16,4,4,4.0,16,1,9.33333333333,1,0
5,5,5,0,0,0.0,5,0,3.33333333333,1,0,5,5,5,0,0,0.0,5,0,3.33333333333,1,0
9,20,14,4,1,2.2,15,5,7.2380952381,1,0,9,20,14,4,1,2.2,15,5,7.2380952381,1,0
9,21,10,4,1,2.5,18,2,5.70833333333,2,0,9,21,10,4,1,2.5,18,2,5.70833333333,2,0
3,3,3,0,0,0.0,2,0,2.25,1,0,3,3,3,0,0,0.0,2,0,2.25,1,0
9,21,15,3,2,2.66666666667,18,3,8.40909090909,1,0,9,21,15,3,2,2.66666666667,18,3,8.40909090909,1,0
9,21,18,1,1,1.0,18,3,9.95454545455,1,0,9,21,18,1,1,1.0,18,3,9.95454545455,1,0
9,29,17,8,1,4.0,23,5,8.14705882353,1,0,9,29,17,8,1,4.0,23,5,8.14705882353,1,0
6,6,6,0,0,0.0,5,0,3.85714285714,1,0,6,6,6,0,0,0.0,5,0,3.85714285714,1,0
0,0,0,0,0,0,0,0,0,0,0,0,0,0,0,0,0,0,0,0,0,0
4,1,1,0,0,0.0,0,0,1.0,1,0,4,1,1,0,0,0.0,0,0,1.0,1,0
2,0,0,0,0,0,0,0,0,0,0,2,0,0,0,0,0,0,0,0,0,0
4,0,0,0,0,0,0,0,0,0,0,4,0,0,0,0,0,0,0,0,0,0
9,1,1,0,0,0.0,0,0,1.0,1,0,9,1,1,0,0,0.0,0,0,1.0,1,0
9,21,15,3,1,1.4,16,5,8.54545454545,1,0,9,21,15,3,1,1.4,16,5,8.54545454545,1,0
9,10,10,4,4,4.0,9,1,5.90909090909,1,0,9,10,10,4,4,4.0,9,1,5.90909090909,1,0
7,7,7,0,0,0.0,7,0,4.375,1,0,7,7,7,0,0,0.0,7,0,4.375,1,0
9,13,13,0,0,0.0,13,0,7.42857142857,1,0,9,13,13,0,0,0.0,13,0,7.42857142857,1,0
9,11,8,6,1,2.66666666667,8,3,5.33333333333,1,0,9,11,8,6,1,2.66666666667,8,3,5.33333333333,1,0
9,16,13,1,1,1.0,12,2,6.45454545455,1,0,9,16,13,1,1,1.0,12,2,6.45454545455,1,0
5,5,4,1,1,1.0,4,1,3.16666666667,1,0,5,5,4,1,1,1.0,4,1,3.16666666667,1,0
8,2,2,1,1,1.0,0,1,1.66666666667,1,0,8,2,2,1,1,1.0,0,1,1.66666666667,1,0
9,11,9,2,2,2.0,9,1,5.41666666667,1,0,9,11,9,2,2,2.0,9,1,5.41666666667,1,0
9,15,12,2,1,1.5,13,2,7.0,1,0,9,15,12,2,1,1.5,13,2,7.0,1,0
7,7,7,3,2,2.5,5,2,4.375,1,0,7,7,7,3,2,2.5,5,2,4.375,1,0
9,25,22,2,1,1.5,23,2,11.9615384615,1,0,9,25,22,2,1,1.5,23,2,11.9615384615,1,0
6,4,3,0,0,0.0,3,0,2.71428571429,1,0,6,4,3,0,0,0.0,3,0,2.71428571429,1,0
9,2,2,0,0,0.0,1,0,1.66666666667,1,0,9,2,2,0,0,0.0,1,0,1.66666666667,1,0
9,9,9,0,0,0.0,9,0,5.4,1,0,9,9,9,0,0,0.0,9,0,5.4,1,0
9,14,7,1,1,1.0,11,1,4.05,2,0,9,14,7,1,1,1.0,11,1,4.05,2,0
2,2,2,0,0,0.0,1,0,1.66666666667,1,0,2,2,2,0,0,0.0,1,0,1.66666666667,1,0
5,5,5,0,0,0.0,4,0,3.33333333333,1,0,5,5,5,0,0,0.0,4,0,3.33333333333,1,0
6,6,6,0,0,0.0,6,0,3.85714285714,1,0,6,6,6,0,0,0.0,6,0,3.85714285714,1,0
9,35,17,5,1,3.0,32,2,7.84615384615,2,0,9,35,17,5,1,3.0,32,2,7.84615384615,2,0
9,32,12,3,2,2.5,29,2,6.82857142857,2,0,9,32,12,3,2,2.5,29,2,6.82857142857,2,0
7,7,5,1,1,1.0,4,2,3.5,2,0,7,7,5,1,1,1.0,4,2,3.5,2,0
9,17,8,3,1,2.33333333333,13,3,4.7619047619,2,0,9,17,8,3,1,2.33333333333,13,3,4.7619047619,2,0
9,22,16,6,1,3.0,18,4,10.2173913043,1,0,9,22,16,6,1,3.0,18,4,10.2173913043,1,0
5,5,5,2,2,2.0,3,1,3.33333333333,1,0,5,5,5,2,2,2.0,3,1,3.33333333333,1,0
14,1,1,0,0,0.0,0,0,1.0,1,0,14,1,1,0,0,0.0,0,0,1.0,1,0
3,0,0,0,0,0,0,0,0,0,0,3,0,0,0,0,0,0,0,0,0,0
9,25,20,3,1,1.5,21,4,11.5384615385,1,0,9,25,20,3,1,1.5,21,4,11.5384615385,1,0
9,16,15,1,1,1.0,15,1,8.29411764706,1,0,9,16,15,1,1,1.0,15,1,8.29411764706,1,0
4,4,4,0,0,0.0,4,0,2.8,1,0,4,4,4,0,0,0.0,4,0,2.8,1,0
9,11,6,2,2,2.0,9,1,3.8125,2,0,9,11,6,2,2,2.0,9,1,3.8125,2,0
1,1,1,1,1,1.0,0,1,1.0,1,0,1,1,1,1,1,1.0,0,1,1.0,1,0
9,27,21,15,1,5.66666666667,24,3,10.75,1,0,9,27,21,15,1,5.66666666667,24,3,10.75,1,0
9,12,6,1,1,1.0,9,2,4.375,1,0,9,12,6,1,1,1.0,9,2,4.375,1,0
0,0,0,0,0,0,0,0,0,0,0,0,0,0,0,0,0,0,0,0,0,0
9,24,12,19,3,11.0,21,2,6.51851851852,2,0,9,24,12,19,3,11.0,21,2,6.51851851852,2,0
9,29,23,15,1,7.0,26,3,13.1,1,0,9,29,23,15,1,7.0,26,3,13.1,1,0
9,21,11,2,2,2.0,19,1,5.54166666667,2,0,9,21,11,2,2,2.0,19,1,5.54166666667,2,0
9,9,6,0,0,0.0,7,0,4.0,1,0,9,9,6,0,0,0.0,7,0,4.0,1,0
3,3,3,0,0,0.0,2,0,2.25,1,0,3,3,3,0,0,0.0,2,0,2.25,1,0
8,0,0,0,0,0,0,0,0,0,0,8,0,0,0,0,0,0,0,0,0,0
9,9,9,0,0,0.0,9,0,5.4,1,0,9,9,9,0,0,0.0,9,0,5.4,1,0
9,20,17,4,4,4.0,18,1,10.4761904762,1,0,9,20,17,4,4,4.0,18,1,10.4761904762,1,0
9,23,19,1,1,1.0,19,4,10.4583333333,1,0,9,23,19,1,1,1.0,19,4,10.4583333333,1,0
9,20,17,9,1,3.0,16,4,9.71428571429,1,0,9,20,17,9,1,3.0,16,4,9.71428571429,1,0
9,14,8,2,2,2.0,12,1,4.35294117647,2,0,9,14,8,2,2,2.0,12,1,4.35294117647,2,0
9,31,14,4,1,2.0,26,4,6.37142857143,2,0,9,31,14,4,1,2.0,26,4,6.37142857143,2,0
7,7,7,0,0,0.0,7,0,4.375,1,0,7,7,7,0,0,0.0,7,0,4.375,1,0
6,6,5,1,1,1.0,5,1,3.71428571429,1,0,6,6,5,1,1,1.0,5,1,3.71428571429,1,0
9,22,11,1,1,1.0,18,2,5.67857142857,2,0,9,22,11,1,1,1.0,18,2,5.67857142857,2,0
9,9,8,1,1,1.0,8,1,5.0,1,0,9,9,8,1,1,1.0,8,1,5.0,1,0
9,22,19,4,1,2.0,18,4,10.1739130435,1,0,9,22,19,4,1,2.0,18,4,10.1739130435,1,0
9,23,18,3,1,1.75,19,4,9.95833333333,1,0,9,23,18,3,1,1.75,19,4,9.95833333333,1,0
9,20,7,5,1,2.0,11,8,4.08333333333,2,0,9,20,7,5,1,2.0,11,8,4.08333333333,2,0
9,0,0,0,0,0,0,0,0,0,0,9,0,0,0,0,0,0,0,0,0,0
13,1,1,0,0,0.0,0,0,1.0,1,0,13,1,1,0,0,0.0,0,0,1.0,1,0
9,8,8,9,5,7.0,4,3,5.27272727273,1,0,9,8,8,9,5,7.0,4,3,5.27272727273,1,0
6,2,2,0,0,0.0,1,0,1.66666666667,1,0,6,2,2,0,0,0.0,1,0,1.66666666667,1,0
31,1,1,0,0,0.0,0,0,1.0,1,0,31,1,1,0,0,0.0,0,0,1.0,1,0
9,7,5,0,0,0.0,6,0,2.91666666667,2,0,9,7,5,0,0,0.0,6,0,2.91666666667,2,0
3,0,0,0,0,0,0,0,0,0,0,3,0,0,0,0,0,0,0,0,0,0
18,1,1,0,0,0.0,0,0,1.0,1,0,18,1,1,0,0,0.0,0,0,1.0,1,0
16,0,0,0,0,0,0,0,0,0,0,16,0,0,0,0,0,0,0,0,0,0
4,0,0,0,0,0,0,0,0,0,0,4,0,0,0,0,0,0,0,0,0,0
2,0,0,0,0,0,0,0,0,0,0,2,0,0,0,0,0,0,0,0,0,0
5,0,0,0,0,0,0,0,0,0,0,5,0,0,0,0,0,0,0,0,0,0
1,0,0,0,0,0,0,0,0,0,0,1,0,0,0,0,0,0,0,0,0,0
0,0,0,0,0,0,0,0,0,0,0,0,0,0,0,0,0,0,0,0,0,0
0,0,0,0,0,0,0,0,0,0,0,0,0,0,0,0,0,0,0,0,0,0
9,9,8,7,2,4.66666666667,6,3,5.1,1,0,9,9,8,7,2,4.66666666667,6,3,5.1,1,0
1,1,1,0,0,0.0,0,0,1.0,1,0,1,1,1,0,0,0.0,0,0,1.0,1,0
1,1,1,0,0,0.0,0,0,1.0,1,0,1,1,1,0,0,0.0,0,0,1.0,1,0
0,0,0,0,0,0,0,0,0,0,0,0,0,0,0,0,0,0,0,0,0,0
3,0,0,0,0,0,0,0,0,0,0,3,0,0,0,0,0,0,0,0,0,0
0,0,0,0,0,0,0,0,0,0,0,0,0,0,0,0,0,0,0,0,0,0
2,2,2,0,0,0.0,1,0,1.66666666667,1,0,2,2,2,0,0,0.0,1,0,1.66666666667,1,0
9,34,32,1,1,1.0,32,2,17.2571428571,1,0,9,34,32,1,1,1.0,32,2,17.2571428571,1,0
2,2,2,0,0,0.0,1,0,1.66666666667,1,0,2,2,2,0,0,0.0,1,0,1.66666666667,1,0
8,8,8,1,1,1.0,7,1,4.88888888889,1,0,8,8,8,1,1,1.0,7,1,4.88888888889,1,0
9,11,9,1,1,1.0,9,2,5.5,1,0,9,11,9,1,1,1.0,9,2,5.5,1,0
8,8,7,1,1,1.0,7,1,4.55555555556,1,0,8,8,7,1,1,1.0,7,1,4.55555555556,1,0
9,24,12,9,1,3.6,18,5,7.07407407407,1,0,9,24,12,9,1,3.6,18,5,7.07407407407,1,0
9,23,20,1,1,1.0,20,3,10.625,1,0,9,23,20,1,1,1.0,20,3,10.625,1,0
9,18,9,4,1,2.5,15,2,5.66666666667,1,0,9,18,9,4,1,2.5,15,2,5.66666666667,1,0
9,13,10,3,1,1.66666666667,10,3,6.71428571429,1,0,9,13,10,3,1,1.66666666667,10,3,6.71428571429,1,0
9,20,15,4,1,2.0,17,3,7.85714285714,1,0,9,20,15,4,1,2.0,17,3,7.85714285714,1,0
9,24,18,9,1,3.4,19,5,11.12,1,0,9,24,18,9,1,3.4,19,5,11.12,1,0
9,13,13,0,0,0.0,13,0,7.42857142857,1,0,9,13,13,0,0,0.0,13,0,7.42857142857,1,0
9,9,9,0,0,0.0,9,0,5.4,1,0,9,9,9,0,0,0.0,9,0,5.4,1,0
9,33,21,5,1,2.0,27,6,11.7941176471,1,0,9,33,21,5,1,2.0,27,6,11.7941176471,1,0
9,10,9,1,1,1.0,9,1,5.27272727273,1,0,9,10,9,1,1,1.0,9,1,5.27272727273,1,0
9,25,20,5,1,3.0,23,2,10.2692307692,1,0,9,25,20,5,1,3.0,23,2,10.2692307692,1,0
9,22,16,7,2,4.5,20,2,9.95652173913,1,0,9,22,16,7,2,4.5,20,2,9.95652173913,1,0
9,20,15,4,1,2.33333333333,17,3,9.42857142857,1,0,9,20,15,4,1,2.33333333333,17,3,9.42857142857,1,0
9,28,23,2,1,1.25,24,4,12.0,1,0,9,28,23,2,1,1.25,24,4,12.0,1,0
1,1,1,0,0,0.0,0,0,1.0,1,0,1,1,1,0,0,0.0,0,0,1.0,1,0
8,8,7,1,1,1.0,7,1,4.33333333333,1,0,8,8,7,1,1,1.0,7,1,4.33333333333,1,0
9,13,10,3,3,3.0,12,1,5.85714285714,1,0,9,13,10,3,3,3.0,12,1,5.85714285714,1,0
9,13,11,1,1,1.0,11,2,6.64285714286,1,0,9,13,11,1,1,1.0,11,2,6.64285714286,1,0
9,11,9,2,2,2.0,10,1,6.08333333333,1,0,9,11,9,2,2,2.0,10,1,6.08333333333,1,0
9,21,13,18,1,5.5,16,4,7.25,1,0,9,21,13,18,1,5.5,16,4,7.25,1,0
9,24,12,9,1,3.5,20,4,7.48,1,0,9,24,12,9,1,3.5,20,4,7.48,1,0
9,11,5,5,1,2.33333333333,8,3,4.33333333333,1,0,9,11,5,5,1,2.33333333333,8,3,4.33333333333,1,0
6,6,5,1,1,1.0,5,1,3.42857142857,1,0,6,6,5,1,1,1.0,5,1,3.42857142857,1,0
9,20,19,1,1,1.0,19,1,10.7142857143,1,0,9,20,19,1,1,1.0,19,1,10.7142857143,1,0
9,10,10,0,0,0.0,10,0,5.90909090909,1,0,9,10,10,0,0,0.0,10,0,5.90909090909,1,0
9,28,27,1,1,1.0,27,1,14.5862068966,1,0,9,28,27,1,1,1.0,27,1,14.5862068966,1,0
9,32,30,2,2,2.0,31,1,15.4545454545,1,0,9,32,30,2,2,2.0,31,1,15.4545454545,1,0
9,22,18,2,1,1.33333333333,19,3,9.86956521739,1,0,9,22,18,2,1,1.33333333333,19,3,9.86956521739,1,0
9,17,10,3,1,2.0,14,2,5.25,2,0,9,17,10,3,1,2.0,14,2,5.25,2,0
9,32,24,3,1,2.25,28,4,12.7878787879,1,0,9,32,24,3,1,2.25,28,4,12.7878787879,1,0
6,6,6,0,0,0.0,5,0,3.85714285714,1,0,6,6,6,0,0,0.0,5,0,3.85714285714,1,0
9,21,20,1,1,1.0,20,1,11.1363636364,1,0,9,21,20,1,1,1.0,20,1,11.1363636364,1,0
9,23,12,1,1,1.0,19,3,5.77777777778,2,0,9,23,12,1,1,1.0,19,3,5.77777777778,2,0
9,22,17,2,1,1.2,17,5,9.86956521739,1,0,9,22,17,2,1,1.2,17,5,9.86956521739,1,0
9,32,23,5,1,2.4,27,5,13.8787878788,1,0,9,32,23,5,1,2.4,27,5,13.8787878788,1,0
33,0,0,0,0,0,0,0,0,0,0,33,0,0,0,0,0,0,0,0,0,0
5,5,4,3,3,3.0,3,1,2.83333333333,2,0,5,5,4,3,3,3.0,3,1,2.83333333333,2,0
9,14,11,9,2,5.5,12,2,6.6,1,0,9,14,11,9,2,5.5,12,2,6.6,1,0
5,5,5,0,0,0.0,4,0,3.33333333333,1,0,5,5,5,0,0,0.0,4,0,3.33333333333,1,0
9,30,27,1,1,1.0,27,3,15.0,1,0,9,30,27,1,1,1.0,27,3,15.0,1,0
9,10,6,9,2,5.5,8,2,4.27272727273,1,0,9,10,6,9,2,5.5,8,2,4.27272727273,1,0
5,5,4,1,1,1.0,3,1,3.0,1,0,5,5,4,1,1,1.0,3,1,3.0,1,0
9,15,12,5,1,3.0,13,2,7.4375,1,0,9,15,12,5,1,3.0,13,2,7.4375,1,0
9,18,15,3,1,2.33333333333,15,3,8.84210526316,1,0,9,18,15,3,1,2.33333333333,15,3,8.84210526316,1,0
9,27,10,4,1,2.5,23,2,5.58333333333,2,0,9,27,10,4,1,2.5,23,2,5.58333333333,2,0
9,38,28,5,1,2.6,33,5,15.0,1,0,9,38,28,5,1,2.6,33,5,15.0,1,0
9,23,19,1,1,1.0,20,2,9.03846153846,1,0,9,23,19,1,1,1.0,20,2,9.03846153846,1,0
9,20,11,2,1,1.5,16,2,5.84615384615,2,0,9,20,11,2,1,1.5,16,2,5.84615384615,2,0
0,0,0,0,0,0,0,0,0,0,0,0,0,0,0,0,0,0,0,0,0,0
0,0,0,0,0,0,0,0,0,0,0,0,0,0,0,0,0,0,0,0,0,0
0,0,0,0,0,0,0,0,0,0,0,0,0,0,0,0,0,0,0,0,0,0
9,15,14,1,1,1.0,14,1,8.125,1,0,9,15,14,1,1,1.0,14,1,8.125,1,0
9,16,8,1,1,1.0,14,1,4.57142857143,2,0,9,16,8,1,1,1.0,14,1,4.57142857143,2,0
7,7,7,0,0,0.0,6,0,4.375,1,0,7,7,7,0,0,0.0,6,0,4.375,1,0
2,2,2,0,0,0.0,1,0,1.66666666667,1,0,2,2,2,0,0,0.0,1,0,1.66666666667,1,0
9,23,12,1,1,1.0,21,1,6.23076923077,2,0,9,23,12,1,1,1.0,21,1,6.23076923077,2,0
9,10,6,13,1,7.0,7,2,3.86666666667,1,0,9,10,6,13,1,7.0,7,2,3.86666666667,1,0
9,29,15,7,5,6.0,26,2,7.0625,2,0,9,29,15,7,5,6.0,26,2,7.0625,2,0
3,3,3,0,0,0.0,3,0,2.25,1,0,3,3,3,0,0,0.0,3,0,2.25,1,0
9,9,9,0,0,0.0,9,0,5.4,1,0,9,9,9,0,0,0.0,9,0,5.4,1,0
5,5,3,2,1,1.5,3,2,2.66666666667,2,0,5,5,3,2,1,1.5,3,2,2.66666666667,2,0
9,9,9,0,0,0.0,8,0,5.4,1,0,9,9,9,0,0,0.0,8,0,5.4,1,0
5,5,4,1,1,1.0,4,1,3.0,1,0,5,5,4,1,1,1.0,4,1,3.0,1,0
6,6,6,0,0,0.0,5,0,3.85714285714,1,0,6,6,6,0,0,0.0,5,0,3.85714285714,1,0
9,12,11,4,4,4.0,11,1,6.76923076923,1,0,9,12,11,4,4,4.0,11,1,6.76923076923,1,0
7,7,7,0,0,0.0,7,0,4.375,1,0,7,7,7,0,0,0.0,7,0,4.375,1,0
9,19,12,14,1,3.8,14,5,6.55,1,0,9,19,12,14,1,3.8,14,5,6.55,1,0
9,28,14,14,1,4.25,24,4,7.62068965517,1,0,9,28,14,14,1,4.25,24,4,7.62068965517,1,0
9,12,12,0,0,0.0,12,0,6.92307692308,1,0,9,12,12,0,0,0.0,12,0,6.92307692308,1,0
9,27,7,3,1,2.5,22,4,5.12903225806,2,0,9,27,7,3,1,2.5,22,4,5.12903225806,2,0
7,7,4,6,1,3.0,4,3,3.5,1,0,7,7,4,6,1,3.0,4,3,3.5,1,0
9,23,23,1,1,1.0,22,1,12.4583333333,1,0,9,23,23,1,1,1.0,22,1,12.4583333333,1,0
5,5,5,0,0,0.0,4,0,3.33333333333,1,0,5,5,5,0,0,0.0,4,0,3.33333333333,1,0
9,16,10,3,3,3.0,14,2,6.23529411765,1,0,9,16,10,3,3,3.0,14,2,6.23529411765,1,0
9,18,17,1,1,1.0,17,1,9.26315789474,1,0,9,18,17,1,1,1.0,17,1,9.26315789474,1,0
9,22,7,2,1,1.33333333333,18,3,4.81481481481,2,0,9,22,7,2,1,1.33333333333,18,3,4.81481481481,2,0
9,14,8,1,1,1.0,11,2,4.38888888889,2,0,9,14,8,1,1,1.0,11,2,4.38888888889,2,0
9,9,9,0,0,0.0,8,0,5.4,1,0,9,9,9,0,0,0.0,8,0,5.4,1,0
9,31,29,1,1,1.0,29,2,15.6875,1,0,9,31,29,1,1,1.0,29,2,15.6875,1,0
9,26,20,5,1,3.0,24,2,9.88888888889,1,0,9,26,20,5,1,3.0,24,2,9.88888888889,1,0
7,7,7,3,1,2.0,4,3,4.375,1,0,7,7,7,3,1,2.0,4,3,4.375,1,0
5,5,5,0,0,0.0,5,0,3.33333333333,1,0,5,5,5,0,0,0.0,5,0,3.33333333333,1,0
8,8,7,1,1,1.0,7,1,4.33333333333,1,0,8,8,7,1,1,1.0,7,1,4.33333333333,1,0
9,20,20,0,0,0.0,20,0,10.9523809524,1,0,9,20,20,0,0,0.0,20,0,10.9523809524,1,0
9,29,12,12,1,3.14285714286,22,7,7.86666666667,2,0,9,29,12,12,1,3.14285714286,22,7,7.86666666667,2,0
16,0,0,0,0,0,0,0,0,0,0,16,0,0,0,0,0,0,0,0,0,0
7,0,0,0,0,0,0,0,0,0,0,7,0,0,0,0,0,0,0,0,0,0
9,22,13,9,1,2.6,17,5,8.39130434783,1,0,9,22,13,9,1,2.6,17,5,8.39130434783,1,0
9,25,15,2,1,1.2,19,5,7.03571428571,2,0,9,25,15,2,1,1.2,19,5,7.03571428571,2,0
9,10,10,1,1,1.0,8,1,5.90909090909,1,0,9,10,10,1,1,1.0,8,1,5.90909090909,1,0
9,16,13,1,1,1.0,13,3,7.52941176471,1,0,9,16,13,1,1,1.0,13,3,7.52941176471,1,0
9,33,18,9,1,3.2,28,5,9.58823529412,1,0,9,33,18,9,1,3.2,28,5,9.58823529412,1,0
9,14,8,4,1,2.33333333333,11,3,5.0,1,0,9,14,8,4,1,2.33333333333,11,3,5.0,1,0
9,27,11,5,1,3.0,22,4,6.1935483871,2,0,9,27,11,5,1,3.0,22,4,6.1935483871,2,0
9,17,15,1,1,1.0,15,2,8.27777777778,1,0,9,17,15,1,1,1.0,15,2,8.27777777778,1,0
9,15,9,7,1,4.0,12,2,4.78947368421,2,0,9,15,9,7,1,4.0,12,2,4.78947368421,2,0
9,21,14,7,1,2.16666666667,15,6,8.81818181818,1,0,9,21,14,7,1,2.16666666667,15,6,8.81818181818,1,0
7,4,3,0,0,0.0,3,0,2.25,2,0,7,4,3,0,0,0.0,3,0,2.25,2,0
9,12,10,2,2,2.0,11,1,6.15384615385,1,0,9,12,10,2,2,2.0,11,1,6.15384615385,1,0
7,7,7,1,1,1.0,5,1,4.375,1,0,7,7,7,1,1,1.0,5,1,4.375,1,0
9,31,26,2,1,1.66666666667,28,3,13.71875,1,0,9,31,26,2,1,1.66666666667,28,3,13.71875,1,0
9,15,11,2,1,1.66666666667,12,3,6.8125,1,0,9,15,11,2,1,1.66666666667,12,3,6.8125,1,0
9,17,12,6,1,3.5,15,2,7.66666666667,1,0,9,17,12,6,1,3.5,15,2,7.66666666667,1,0
0,0,0,0,0,0,0,0,0,0,0,0,0,0,0,0,0,0,0,0,0,0
9,11,10,2,1,1.5,9,2,5.83333333333,1,0,9,11,10,2,1,1.5,9,2,5.83333333333,1,0
9,9,8,1,1,1.0,8,1,4.8,1,0,9,9,8,1,1,1.0,8,1,4.8,1,0
9,21,12,0,0,0.0,20,0,6.0,2,0,9,21,12,0,0,0.0,20,0,6.0,2,0
9,25,18,4,3,3.5,23,2,9.53846153846,1,0,9,25,18,4,3,3.5,23,2,9.53846153846,1,0
8,8,6,2,2,2.0,7,1,4.44444444444,1,0,8,8,6,2,2,2.0,7,1,4.44444444444,1,0
9,21,21,0,0,0.0,21,0,11.4545454545,1,0,9,21,21,0,0,0.0,21,0,11.4545454545,1,0
9,21,17,3,1,1.5,17,4,9.90909090909,1,0,9,21,17,3,1,1.5,17,4,9.90909090909,1,0
9,11,8,1,1,1.0,7,3,4.75,2,0,9,11,8,1,1,1.0,7,3,4.75,2,0
6,6,6,0,0,0.0,6,0,3.85714285714,1,0,6,6,6,0,0,0.0,6,0,3.85714285714,1,0
28,3,3,1,1,1.0,1,1,2.25,1,0,28,3,3,1,1,1.0,1,1,2.25,1,0
9,28,24,3,1,1.5,24,4,13.275862069,1,0,9,28,24,3,1,1.5,24,4,13.275862069,1,0
9,23,11,3,1,1.6,17,5,5.88461538462,2,0,9,23,11,3,1,1.6,17,5,5.88461538462,2,0
9,13,7,2,1,1.5,10,2,4.0,2,0,9,13,7,2,1,1.5,10,2,4.0,2,0
9,12,9,2,1,1.5,10,2,5.61538461538,1,0,9,12,9,2,1,1.5,10,2,5.61538461538,1,0
9,14,7,10,1,3.4,9,5,4.93333333333,1,0,9,14,7,10,1,3.4,9,5,4.93333333333,1,0
9,30,26,1,1,1.0,26,4,14.0,1,0,9,30,26,1,1,1.0,26,4,14.0,1,0
9,34,15,35,1,9.125,25,8,8.08108108108,1,0,9,34,15,35,1,9.125,25,8,8.08108108108,1,0
9,32,24,7,1,3.33333333333,29,3,11.6060606061,1,0,9,32,24,7,1,3.33333333333,29,3,11.6060606061,1,0
9,25,15,4,1,2.16666666667,19,6,8.65384615385,1,0,9,25,15,4,1,2.16666666667,19,6,8.65384615385,1,0
5,5,5,0,0,0.0,5,0,3.33333333333,1,0,5,5,5,0,0,0.0,5,0,3.33333333333,1,0
9,10,10,0,0,0.0,10,0,5.90909090909,1,0,9,10,10,0,0,0.0,10,0,5.90909090909,1,0
9,22,18,2,1,1.25,18,4,10.0434782609,1,0,9,22,18,2,1,1.25,18,4,10.0434782609,1,0
14,0,0,0,0,0,0,0,0,0,0,14,0,0,0,0,0,0,0,0,0,0
9,13,7,5,2,3.5,9,2,4.15,1,0,9,13,7,5,2,3.5,9,2,4.15,1,0
9,19,14,6,6,6.0,17,1,8.95,1,0,9,19,14,6,6,6.0,17,1,8.95,1,0
9,22,19,2,1,1.33333333333,19,3,9.95652173913,1,0,9,22,19,2,1,1.33333333333,19,3,9.95652173913,1,0
9,26,14,6,1,1.85714285714,19,7,7.59259259259,1,0,9,26,14,6,1,1.85714285714,19,7,7.59259259259,1,0
9,24,11,2,2,2.0,21,2,6.40740740741,2,0,9,24,11,2,2,2.0,21,2,6.40740740741,2,0
9,35,20,9,1,4.6,30,5,10.8888888889,1,0,9,35,20,9,1,4.6,30,5,10.8888888889,1,0
9,15,11,5,5,5.0,14,1,7.1875,1,0,9,15,11,5,5,5.0,14,1,7.1875,1,0
9,27,15,2,1,1.66666666667,23,3,7.03333333333,2,0,9,27,15,2,1,1.66666666667,23,3,7.03333333333,2,0
9,12,11,1,1,1.0,11,1,6.84615384615,1,0,9,12,11,1,1,1.0,11,1,6.84615384615,1,0
9,21,18,3,3,3.0,20,1,10.8636363636,1,0,9,21,18,3,3,3.0,20,1,10.8636363636,1,0
6,0,0,0,0,0,0,0,0,0,0,6,0,0,0,0,0,0,0,0,0,0
9,36,22,7,1,2.625,28,8,11.2972972973,1,0,9,36,22,7,1,2.625,28,8,11.2972972973,1,0
9,14,8,10,1,4.66666666667,10,3,5.53333333333,1,0,9,14,8,10,1,4.66666666667,10,3,5.53333333333,1,0
9,23,18,4,4,4.0,21,2,9.79166666667,1,0,9,23,18,4,4,4.0,21,2,9.79166666667,1,0
9,20,14,4,1,2.33333333333,17,3,8.61904761905,1,0,9,20,14,4,1,2.33333333333,17,3,8.61904761905,1,0
9,22,11,6,3,4.5,18,2,5.8275862069,1,0,9,22,11,6,3,4.5,18,2,5.8275862069,1,0
9,18,6,9,1,3.75,14,4,5.10526315789,1,0,9,18,6,9,1,3.75,14,4,5.10526315789,1,0
7,7,7,2,2,2.0,5,1,4.375,1,0,7,7,7,2,2,2.0,5,1,4.375,1,0
9,30,26,3,1,1.75,26,4,14.3548387097,1,0,9,30,26,3,1,1.75,26,4,14.3548387097,1,0
9,11,11,0,0,0.0,10,0,6.41666666667,1,0,9,11,11,0,0,0.0,10,0,6.41666666667,1,0
4,4,4,0,0,0.0,4,0,2.8,1,0,4,4,4,0,0,0.0,4,0,2.8,1,0
9,9,9,0,0,0.0,9,0,5.4,1,0,9,9,9,0,0,0.0,9,0,5.4,1,0
5,5,4,1,1,1.0,4,1,3.16666666667,1,0,5,5,4,1,1,1.0,4,1,3.16666666667,1,0
9,22,15,14,1,4.5,18,4,8.04347826087,1,0,9,22,15,14,1,4.5,18,4,8.04347826087,1,0
9,29,21,2,1,1.6,24,5,11.2,1,0,9,29,21,2,1,1.6,24,5,11.2,1,0
9,26,20,5,1,1.8,21,5,11.1481481481,1,0,9,26,20,5,1,1.8,21,5,11.1481481481,1,0
9,30,25,3,1,1.5,26,4,14.4838709677,1,0,9,30,25,3,1,1.5,26,4,14.4838709677,1,0
6,6,6,3,1,2.0,2,3,3.85714285714,1,0,6,6,6,3,1,2.0,2,3,3.85714285714,1,0
9,18,8,6,1,3.0,14,4,5.63157894737,1,0,9,18,8,6,1,3.0,14,4,5.63157894737,1,0
9,27,11,5,1,2.28571428571,19,7,6.26666666667,2,0,9,27,11,5,1,2.28571428571,19,7,6.26666666667,2,0
8,8,7,1,1,1.0,7,1,4.33333333333,1,0,8,8,7,1,1,1.0,7,1,4.33333333333,1,0
3,3,3,0,0,0.0,2,0,2.25,1,0,3,3,3,0,0,0.0,2,0,2.25,1,0
9,20,15,2,1,1.66666666667,17,3,9.04761904762,1,0,9,20,15,2,1,1.66666666667,17,3,9.04761904762,1,0
9,12,9,7,7,7.0,11,1,5.30769230769,1,0,9,12,9,7,7,7.0,11,1,5.30769230769,1,0
