length,num_nodes,depth,max_range_reverse,min_range_reverse,mean_range_reverse,num_normal,num_reverse,mean_height_from_leaf,min_height_tree_from_leaf,reverse_max_depth,flattened_length,flattened_num_nodes,flattened_depth,flattened_max_range_reverse,flattened_min_range_reverse,flattened_mean_range_reverse,flattened_num_normal,flattened_num_reverse,flattened_mean_height_from_leaf,flattened_min_height_tree_from_leaf,flattened_reverse_max_depth
3,3,3,0,0,0.0,3,0,2.25,1,0,3,3,3,0,0,0.0,3,0,2.25,1,0
9,17,12,3,2,2.5,15,2,7.27777777778,1,0,9,17,12,3,2,2.5,15,2,7.27777777778,1,0
0,0,0,0,0,0,0,0,0,0,0,0,0,0,0,0,0,0,0,0,0,0
6,6,5,1,1,1.0,5,1,3.71428571429,1,0,6,6,5,1,1,1.0,5,1,3.71428571429,1,0
3,3,3,0,0,0.0,3,0,2.25,1,0,3,3,3,0,0,0.0,3,0,2.25,1,0
9,13,13,0,0,0.0,13,0,7.42857142857,1,0,9,13,13,0,0,0.0,13,0,7.42857142857,1,0
6,6,6,0,0,0.0,6,0,3.85714285714,1,0,6,6,6,0,0,0.0,6,0,3.85714285714,1,0
9,30,21,3,1,1.8,25,5,10.1612903226,1,0,9,30,21,3,1,1.8,25,5,10.1612903226,1,0
9,9,6,2,2,2.0,7,1,3.78571428571,2,0,9,9,6,2,2,2.0,7,1,3.78571428571,2,0
9,15,10,5,4,4.33333333333,12,3,5.9375,1,0,9,15,10,5,4,4.33333333333,12,3,5.9375,1,0
9,20,12,4,3,3.66666666667,17,3,8.33333333333,1,0,9,20,12,4,3,3.66666666667,17,3,8.33333333333,1,0
9,10,10,0,0,0.0,10,0,5.90909090909,1,0,9,10,10,0,0,0.0,10,0,5.90909090909,1,0
9,9,7,4,1,2.5,7,2,4.6,1,0,9,9,7,4,1,2.5,7,2,4.6,1,0
5,5,5,0,0,0.0,5,0,3.33333333333,1,0,5,5,5,0,0,0.0,5,0,3.33333333333,1,0
9,20,13,9,9,9.0,19,1,7.95238095238,1,0,9,20,13,9,9,9.0,19,1,7.95238095238,1,0
9,12,7,5,1,3.66666666667,9,3,4.69230769231,1,0,9,12,7,5,1,3.66666666667,9,3,4.69230769231,1,0
9,20,8,13,1,5.75,16,4,5.95238095238,1,0,9,20,8,13,1,5.75,16,4,5.95238095238,1,0
9,26,22,3,1,2.0,24,2,11.2222222222,1,0,9,26,22,3,1,2.0,24,2,11.2222222222,1,0
9,18,8,0,0,0.0,17,0,5.04761904762,2,0,9,18,8,0,0,0.0,17,0,5.04761904762,2,0
9,14,14,0,0,0.0,14,0,7.93333333333,1,0,9,14,14,0,0,0.0,14,0,7.93333333333,1,0
9,14,12,7,3,5.0,12,2,7.0,1,0,9,14,12,7,3,5.0,12,2,7.0,1,0
9,21,11,1,1,1.0,17,3,5.88,2,0,9,21,11,1,1,1.0,17,3,5.88,2,0
1,1,1,0,0,0.0,0,0,1.0,1,0,1,1,1,0,0,0.0,0,0,1.0,1,0
6,6,5,1,1,1.0,5,1,3.42857142857,1,0,6,6,5,1,1,1.0,5,1,3.42857142857,1,0
9,12,12,0,0,0.0,12,0,6.92307692308,1,0,9,12,12,0,0,0.0,12,0,6.92307692308,1,0
9,8,4,0,0,0.0,7,0,3.27272727273,2,0,9,8,4,0,0,0.0,7,0,3.27272727273,2,0
9,17,15,2,2,2.0,16,1,8.77777777778,1,0,9,17,15,2,2,2.0,16,1,8.77777777778,1,0
9,12,5,1,1,1.0,9,2,3.8125,2,0,9,12,5,1,1,1.0,9,2,3.8125,2,0
9,21,18,3,1,1.66666666667,18,3,10.6363636364,1,0,9,21,18,3,1,1.66666666667,18,3,10.6363636364,1,0
9,11,8,1,1,1.0,8,3,5.16666666667,1,0,9,11,8,1,1,1.0,8,3,5.16666666667,1,0
5,5,4,2,2,2.0,4,1,3.0,1,0,5,5,4,2,2,2.0,4,1,3.0,1,0
4,4,3,1,1,1.0,2,1,2.6,1,0,4,4,3,1,1,1.0,2,1,2.6,1,0
9,9,9,0,0,0.0,9,0,5.4,1,0,9,9,9,0,0,0.0,9,0,5.4,1,0
9,21,10,3,1,1.5,16,4,6.0,2,0,9,21,10,3,1,1.5,16,4,6.0,2,0
9,11,10,1,1,1.0,10,1,5.91666666667,1,0,9,11,10,1,1,1.0,10,1,5.91666666667,1,0
9,19,17,2,1,1.5,17,2,8.95,1,0,9,19,17,2,1,1.5,17,2,8.95,1,0
9,21,17,5,1,3.0,18,2,8.95833333333,2,0,9,21,17,5,1,3.0,18,2,8.95833333333,2,0
9,17,8,5,5,5.0,15,1,5.15,2,0,9,17,8,5,5,5.0,15,1,5.15,2,0
9,13,10,6,6,6.0,12,1,6.14285714286,1,0,9,13,10,6,6,6.0,12,1,6.14285714286,1,0
3,3,3,0,0,0.0,3,0,2.25,1,0,3,3,3,0,0,0.0,3,0,2.25,1,0
2,2,2,0,0,0.0,2,0,1.66666666667,1,0,2,2,2,0,0,0.0,2,0,1.66666666667,1,0
8,8,8,0,0,0.0,8,0,4.88888888889,1,0,8,8,8,0,0,0.0,8,0,4.88888888889,1,0
9,32,29,0,0,0.0,31,0,13.1891891892,2,0,9,32,29,0,0,0.0,31,0,13.1891891892,2,0
5,5,5,0,0,0.0,5,0,3.33333333333,1,0,5,5,5,0,0,0.0,5,0,3.33333333333,1,0
9,10,10,0,0,0.0,10,0,5.90909090909,1,0,9,10,10,0,0,0.0,10,0,5.90909090909,1,0
9,18,10,7,1,4.0,16,2,5.89473684211,1,0,9,18,10,7,1,4.0,16,2,5.89473684211,1,0
6,6,5,5,1,3.0,4,2,3.42857142857,1,0,6,6,5,5,1,3.0,4,2,3.42857142857,1,0
0,0,0,0,0,0,0,0,0,0,0,0,0,0,0,0,0,0,0,0,0,0
9,9,6,0,0,0.0,8,0,3.75,2,0,9,9,6,0,0,0.0,8,0,3.75,2,0
9,10,9,1,1,1.0,9,1,5.63636363636,1,0,9,10,9,1,1,1.0,9,1,5.63636363636,1,0
6,6,6,0,0,0.0,6,0,3.85714285714,1,0,6,6,6,0,0,0.0,6,0,3.85714285714,1,0
9,11,8,7,1,3.33333333333,8,3,5.58333333333,1,0,9,11,8,7,1,3.33333333333,8,3,5.58333333333,1,0
9,10,6,2,2,2.0,8,1,4.0,1,0,9,10,6,2,2,2.0,8,1,4.0,1,0
9,22,20,1,1,1.0,20,2,11.2608695652,1,0,9,22,20,1,1,1.0,20,2,11.2608695652,1,0
8,8,8,0,0,0.0,8,0,4.88888888889,1,0,8,8,8,0,0,0.0,8,0,4.88888888889,1,0
9,7,3,0,0,0.0,6,0,2.66666666667,2,0,9,7,3,0,0,0.0,6,0,2.66666666667,2,0
2,0,0,0,0,0,0,0,0,0,0,2,0,0,0,0,0,0,0,0,0,0
9,34,31,1,1,1.0,31,3,16.5142857143,1,0,9,34,31,1,1,1.0,31,3,16.5142857143,1,0
9,11,11,1,1,1.0,10,1,6.41666666667,1,0,9,11,11,1,1,1.0,10,1,6.41666666667,1,0
9,22,14,4,4,4.0,20,1,6.44,2,0,9,22,14,4,4,4.0,20,1,6.44,2,0
9,27,18,10,4,7.0,25,2,10.9642857143,1,0,9,27,18,10,4,7.0,25,2,10.9642857143,1,0
9,21,18,2,1,1.5,19,2,10.8636363636,1,0,9,21,18,2,1,1.5,19,2,10.8636363636,1,0
9,22,20,6,1,3.5,20,2,11.5217391304,1,0,9,22,20,6,1,3.5,20,2,11.5217391304,1,0
9,23,17,3,3,3.0,21,2,10.9166666667,1,0,9,23,17,3,3,3.0,21,2,10.9166666667,1,0
9,21,12,7,7,7.0,19,1,6.08333333333,2,0,9,21,12,7,7,7.0,19,1,6.08333333333,2,0
9,11,9,3,1,2.0,8,3,5.91666666667,1,0,9,11,9,3,1,2.0,8,3,5.91666666667,1,0
18,0,0,0,0,0,0,0,0,0,0,18,0,0,0,0,0,0,0,0,0,0
9,25,17,8,8,8.0,24,1,8.61538461538,1,0,9,25,17,8,8,8.0,24,1,8.61538461538,1,0
5,5,5,1,1,1.0,4,1,3.33333333333,1,0,5,5,5,1,1,1.0,4,1,3.33333333333,1,0
9,12,10,2,2,2.0,10,2,5.69230769231,1,0,9,12,10,2,2,2.0,10,2,5.69230769231,1,0
5,5,5,0,0,0.0,5,0,3.33333333333,1,0,5,5,5,0,0,0.0,5,0,3.33333333333,1,0
9,9,9,1,1,1.0,8,1,5.4,1,0,9,9,9,1,1,1.0,8,1,5.4,1,0
7,7,7,0,0,0.0,7,0,4.375,1,0,7,7,7,0,0,0.0,7,0,4.375,1,0
4,4,4,0,0,0.0,4,0,2.8,1,0,4,4,4,0,0,0.0,4,0,2.8,1,0
9,9,9,0,0,0.0,9,0,5.4,1,0,9,9,9,0,0,0.0,9,0,5.4,1,0
9,24,14,6,3,4.66666666667,21,3,9.4,1,0,9,24,14,6,3,4.66666666667,21,3,9.4,1,0
6,6,5,1,1,1.0,5,1,3.57142857143,1,0,6,6,5,1,1,1.0,5,1,3.57142857143,1,0
9,21,16,5,5,5.0,20,1,8.5,1,0,9,21,16,5,5,5.0,20,1,8.5,1,0
9,8,4,1,1,1.0,4,2,3.09090909091,2,0,9,8,4,1,1,1.0,4,2,3.09090909091,2,0
9,22,17,3,2,2.5,20,2,10.6956521739,1,0,9,22,17,3,2,2.5,20,2,10.6956521739,1,0
9,18,17,1,1,1.0,17,1,9.57894736842,1,0,9,18,17,1,1,1.0,17,1,9.57894736842,1,0
1,1,1,0,0,0.0,0,0,1.0,1,0,1,1,1,0,0,0.0,0,0,1.0,1,0
9,10,10,0,0,0.0,10,0,5.90909090909,1,0,9,10,10,0,0,0.0,10,0,5.90909090909,1,0
9,25,9,4,1,2.25,20,4,5.23333333333,2,0,9,25,9,4,1,2.25,20,4,5.23333333333,2,0
9,13,11,3,1,2.0,11,2,6.57142857143,1,0,9,13,11,3,1,2.0,11,2,6.57142857143,1,0
9,20,17,1,1,1.0,17,3,9.66666666667,1,0,9,20,17,1,1,1.0,17,3,9.66666666667,1,0
9,14,9,5,1,2.66666666667,9,3,5.17647058824,2,0,9,14,9,5,1,2.66666666667,9,3,5.17647058824,2,0
9,11,9,5,1,2.33333333333,7,3,5.58333333333,2,0,9,11,9,5,1,2.33333333333,7,3,5.58333333333,2,0
9,17,13,3,1,2.0,15,2,8.22222222222,1,0,9,17,13,3,1,2.0,15,2,8.22222222222,1,0
9,32,29,6,1,3.33333333333,29,3,16.4848484848,1,0,9,32,29,6,1,3.33333333333,29,3,16.4848484848,1,0
9,10,10,0,0,0.0,10,0,5.90909090909,1,0,9,10,10,0,0,0.0,10,0,5.90909090909,1,0
1,1,1,1,1,1.0,0,1,1.0,1,0,1,1,1,1,1,1.0,0,1,1.0,1,0
1,1,1,0,0,0.0,0,0,1.0,1,0,1,1,1,0,0,0.0,0,0,1.0,1,0
9,16,12,1,1,1.0,14,1,5.80952380952,2,0,9,16,12,1,1,1.0,14,1,5.80952380952,2,0
8,8,8,5,1,3.0,5,3,4.88888888889,1,0,8,8,8,5,1,3.0,5,3,4.88888888889,1,0
9,22,12,18,1,6.33333333333,16,6,6.5652173913,2,0,9,22,12,18,1,6.33333333333,16,6,6.5652173913,2,0
9,12,6,4,4,4.0,10,1,3.8125,1,0,9,12,6,4,4,4.0,10,1,3.8125,1,0
9,19,9,9,1,4.0,13,6,6.15,1,0,9,19,9,9,1,4.0,13,6,6.15,1,0
9,29,14,1,1,1.0,27,1,7.375,2,0,9,29,14,1,1,1.0,27,1,7.375,2,0
9,20,11,4,1,2.5,17,2,5.69565217391,2,0,9,20,11,4,1,2.5,17,2,5.69565217391,2,0
9,22,21,1,1,1.0,21,1,11.7391304348,1,0,9,22,21,1,1,1.0,21,1,11.7391304348,1,0
9,14,8,6,1,3.5,12,2,5.46666666667,1,0,9,14,8,6,1,3.5,12,2,5.46666666667,1,0
9,16,14,2,2,2.0,14,2,8.11764705882,1,0,9,16,14,2,2,2.0,14,2,8.11764705882,1,0
9,12,10,2,2,2.0,11,1,6.15384615385,1,0,9,12,10,2,2,2.0,11,1,6.15384615385,1,0
9,12,7,10,1,5.5,9,2,4.86666666667,1,0,9,12,7,10,1,5.5,9,2,4.86666666667,1,0
9,24,11,1,1,1.0,22,1,5.88888888889,2,0,9,24,11,1,1,1.0,22,1,5.88888888889,2,0
9,17,14,10,1,5.5,15,2,8.11111111111,1,0,9,17,14,10,1,5.5,15,2,8.11111111111,1,0
9,25,14,14,1,5.33333333333,22,3,8.34615384615,1,0,9,25,14,14,1,5.33333333333,22,3,8.34615384615,1,0
9,30,26,2,1,1.33333333333,27,3,13.0322580645,1,0,9,30,26,2,1,1.33333333333,27,3,13.0322580645,1,0
9,14,6,1,1,1.0,11,2,4.0,2,0,9,14,6,1,1,1.0,11,2,4.0,2,0
9,19,12,7,1,3.33333333333,16,3,6.6,1,0,9,19,12,7,1,3.33333333333,16,3,6.6,1,0
6,4,4,1,1,1.0,2,1,2.85714285714,1,0,6,4,4,1,1,1.0,2,1,2.85714285714,1,0
9,18,8,11,2,6.5,16,2,5.52631578947,1,0,9,18,8,11,2,6.5,16,2,5.52631578947,1,0
9,17,8,8,1,3.33333333333,14,3,5.5,1,0,9,17,8,8,1,3.33333333333,14,3,5.5,1,0
9,25,13,8,1,3.25,21,4,7.84615384615,1,0,9,25,13,8,1,3.25,21,4,7.84615384615,1,0
9,11,7,10,1,4.0,8,3,4.58333333333,1,0,9,11,7,10,1,4.0,8,3,4.58333333333,1,0
9,13,11,1,1,1.0,11,2,6.71428571429,1,0,9,13,11,1,1,1.0,11,2,6.71428571429,1,0
9,10,8,2,1,1.5,8,2,4.81818181818,1,0,9,10,8,2,1,1.5,8,2,4.81818181818,1,0
9,16,13,4,1,2.5,14,2,7.88235294118,1,0,9,16,13,4,1,2.5,14,2,7.88235294118,1,0
9,18,15,3,3,3.0,17,1,9.10526315789,1,0,9,18,15,3,3,3.0,17,1,9.10526315789,1,0
7,7,7,0,0,0.0,6,0,4.375,1,0,7,7,7,0,0,0.0,6,0,4.375,1,0
9,22,21,1,1,1.0,21,1,11.652173913,1,0,9,22,21,1,1,1.0,21,1,11.652173913,1,0
0,0,0,0,0,0,0,0,0,0,0,0,0,0,0,0,0,0,0,0,0,0
3,3,3,0,0,0.0,3,0,2.25,1,0,3,3,3,0,0,0.0,3,0,2.25,1,0
9,15,13,2,2,2.0,13,2,7.6875,1,0,9,15,13,2,2,2.0,13,2,7.6875,1,0
9,14,10,5,3,4.0,12,2,6.53333333333,1,0,9,14,10,5,3,4.0,12,2,6.53333333333,1,0
9,27,13,1,1,1.0,24,2,6.56666666667,2,0,9,27,13,1,1,1.0,24,2,6.56666666667,2,0
9,30,21,7,1,3.75,26,4,12.3548387097,1,0,9,30,21,7,1,3.75,26,4,12.3548387097,1,0
0,0,0,0,0,0,0,0,0,0,0,0,0,0,0,0,0,0,0,0,0,0
9,25,19,4,2,3.0,23,2,11.2307692308,1,0,9,25,19,4,2,3.0,23,2,11.2307692308,1,0
5,5,5,0,0,0.0,5,0,3.33333333333,1,0,5,5,5,0,0,0.0,5,0,3.33333333333,1,0
9,13,12,1,1,1.0,12,1,6.85714285714,1,0,9,13,12,1,1,1.0,12,1,6.85714285714,1,0
9,11,7,7,1,3.0,7,3,4.0625,2,0,9,11,7,7,1,3.0,7,3,4.0625,2,0
7,7,6,2,2,2.0,6,1,4.125,1,0,7,7,6,2,2,2.0,6,1,4.125,1,0
6,6,5,1,1,1.0,5,1,3.71428571429,1,0,6,6,5,1,1,1.0,5,1,3.71428571429,1,0
9,11,10,1,1,1.0,10,1,5.75,1,0,9,11,10,1,1,1.0,10,1,5.75,1,0
9,16,11,3,1,1.5,12,4,6.52941176471,1,0,9,16,11,3,1,1.5,12,4,6.52941176471,1,0
9,19,18,1,1,1.0,18,1,10.2,1,0,9,19,18,1,1,1.0,18,1,10.2,1,0
5,5,5,4,2,3.0,3,2,3.33333333333,1,0,5,5,5,4,2,3.0,3,2,3.33333333333,1,0
9,10,7,2,1,1.33333333333,7,3,4.72727272727,1,0,9,10,7,2,1,1.33333333333,7,3,4.72727272727,1,0
9,25,11,18,1,6.0,20,4,6.39285714286,1,0,9,25,11,18,1,6.0,20,4,6.39285714286,1,0
9,13,12,4,1,2.5,11,2,7.0,1,0,9,13,12,4,1,2.5,11,2,7.0,1,0
9,13,12,1,1,1.0,12,1,7.14285714286,1,0,9,13,12,1,1,1.0,12,1,7.14285714286,1,0
8,8,8,1,1,1.0,7,1,4.88888888889,1,0,8,8,8,1,1,1.0,7,1,4.88888888889,1,0
9,28,15,14,1,6.0,25,3,8.93103448276,1,0,9,28,15,14,1,6.0,25,3,8.93103448276,1,0
9,18,8,1,1,1.0,16,1,4.68181818182,2,0,9,18,8,1,1,1.0,16,1,4.68181818182,2,0
8,6,5,1,1,1.0,4,1,3.44444444444,1,0,8,6,5,1,1,1.0,4,1,3.44444444444,1,0
9,13,11,4,4,4.0,11,1,5.875,1,0,9,13,11,4,4,4.0,11,1,5.875,1,0
9,17,9,6,1,3.5,14,2,4.54545454545,2,0,9,17,9,6,1,3.5,14,2,4.54545454545,2,0
9,30,23,2,1,1.6,25,5,11.7741935484,1,0,9,30,23,2,1,1.6,25,5,11.7741935484,1,0
9,10,7,9,3,5.33333333333,7,3,4.54545454545,1,0,9,10,7,9,3,5.33333333333,7,3,4.54545454545,1,0
9,23,9,1,1,1.0,21,1,5.57142857143,2,0,9,23,9,1,1,1.0,21,1,5.57142857143,2,0
9,14,8,3,1,2.0,11,2,4.58823529412,2,0,9,14,8,3,1,2.0,11,2,4.58823529412,2,0
9,9,8,1,1,1.0,8,1,4.8,1,0,9,9,8,1,1,1.0,8,1,4.8,1,0
9,20,18,1,1,1.0,18,2,10.0476190476,1,0,9,20,18,1,1,1.0,18,2,10.0476190476,1,0
5,2,2,0,0,0.0,1,0,1.66666666667,1,0,5,2,2,0,0,0.0,1,0,1.66666666667,1,0
0,0,0,0,0,0,0,0,0,0,0,0,0,0,0,0,0,0,0,0,0,0
0,0,0,0,0,0,0,0,0,0,0,0,0,0,0,0,0,0,0,0,0,0
9,15,8,1,1,1.0,10,2,4.36363636364,2,0,9,15,8,1,1,1.0,10,2,4.36363636364,2,0
9,33,21,11,1,5.2,28,5,10.0,1,0,9,33,21,11,1,5.2,28,5,10.0,1,0
9,27,15,8,8,8.0,25,1,7.12903225806,2,0,9,27,15,8,8,8.0,25,1,7.12903225806,2,0
9,11,6,5,5,5.0,10,1,4.5,1,0,9,11,6,5,5,5.0,10,1,4.5,1,0
7,7,7,1,1,1.0,6,1,4.375,1,0,7,7,7,1,1,1.0,6,1,4.375,1,0
8,8,8,0,0,0.0,7,0,4.88888888889,1,0,8,8,8,0,0,0.0,7,0,4.88888888889,1,0
9,20,12,1,1,1.0,15,3,6.0,1,0,9,20,12,1,1,1.0,15,3,6.0,1,0
0,0,0,0,0,0,0,0,0,0,0,0,0,0,0,0,0,0,0,0,0,0
9,19,7,2,1,1.25,14,4,4.77272727273,2,0,9,19,7,2,1,1.25,14,4,4.77272727273,2,0
9,13,10,1,1,1.0,11,1,5.1875,2,0,9,13,10,1,1,1.0,11,1,5.1875,2,0
9,20,19,0,0,0.0,19,0,9.39130434783,2,0,9,20,19,0,0,0.0,19,0,9.39130434783,2,0
9,22,9,6,1,4.0,18,3,5.8,2,0,9,22,9,6,1,4.0,18,3,5.8,2,0
9,24,14,1,1,1.0,22,1,6.8275862069,2,0,9,24,14,1,1,1.0,22,1,6.8275862069,2,0
9,22,14,5,1,3.0,19,3,8.47826086957,1,0,9,22,14,5,1,3.0,19,3,8.47826086957,1,0
0,0,0,0,0,0,0,0,0,0,0,0,0,0,0,0,0,0,0,0,0,0
0,0,0,0,0,0,0,0,0,0,0,0,0,0,0,0,0,0,0,0,0,0
7,7,6,5,5,5.0,6,1,4.0,1,0,7,7,6,5,5,5.0,6,1,4.0,1,0
9,18,11,16,1,6.0,15,3,7.0,1,0,9,18,11,16,1,6.0,15,3,7.0,1,0
8,8,8,0,0,0.0,7,0,4.88888888889,1,0,8,8,8,0,0,0.0,7,0,4.88888888889,1,0
8,8,7,1,1,1.0,7,1,4.33333333333,1,0,8,8,7,1,1,1.0,7,1,4.33333333333,1,0
9,25,13,2,1,1.5,21,2,6.46875,2,0,9,25,13,2,1,1.5,21,2,6.46875,2,0
9,11,11,0,0,0.0,11,0,6.41666666667,1,0,9,11,11,0,0,0.0,11,0,6.41666666667,1,0
7,7,5,2,2,2.0,5,1,3.375,2,0,7,7,5,2,2,2.0,5,1,3.375,2,0
9,11,9,4,4,4.0,9,1,5.75,1,0,9,11,9,4,4,4.0,9,1,5.75,1,0
9,9,6,3,3,3.0,8,1,4.1,1,0,9,9,6,3,3,3.0,8,1,4.1,1,0
9,27,15,1,1,1.0,25,1,7.0,2,0,9,27,15,1,1,1.0,25,1,7.0,2,0
9,9,7,5,5,5.0,8,1,4.4,1,0,9,9,7,5,5,5.0,8,1,4.4,1,0
1,1,1,0,0,0.0,0,0,1.0,1,0,1,1,1,0,0,0.0,0,0,1.0,1,0
9,13,12,1,1,1.0,12,1,7.21428571429,1,0,9,13,12,1,1,1.0,12,1,7.21428571429,1,0
2,2,2,0,0,0.0,1,0,1.66666666667,1,0,2,2,2,0,0,0.0,1,0,1.66666666667,1,0
3,3,3,0,0,0.0,2,0,2.25,1,0,3,3,3,0,0,0.0,2,0,2.25,1,0
9,18,10,2,1,1.33333333333,14,3,5.52173913043,1,0,9,18,10,2,1,1.33333333333,14,3,5.52173913043,1,0
9,19,8,2,1,1.33333333333,15,3,4.95454545455,2,0,9,19,8,2,1,1.33333333333,15,3,4.95454545455,2,0
0,0,0,0,0,0,0,0,0,0,0,0,0,0,0,0,0,0,0,0,0,0
9,11,9,1,1,1.0,9,2,5.83333333333,1,0,9,11,9,1,1,1.0,9,2,5.83333333333,1,0
6,6,5,1,1,1.0,5,1,3.42857142857,1,0,6,6,5,1,1,1.0,5,1,3.42857142857,1,0
7,2,2,0,0,0.0,1,0,1.66666666667,1,0,7,2,2,0,0,0.0,1,0,1.66666666667,1,0
9,13,10,2,1,1.5,11,2,6.5,1,0,9,13,10,2,1,1.5,11,2,6.5,1,0
9,20,19,1,1,1.0,19,1,10.1428571429,1,0,9,20,19,1,1,1.0,19,1,10.1428571429,1,0
9,10,6,1,1,1.0,8,1,4.0,1,0,9,10,6,1,1,1.0,8,1,4.0,1,0
9,14,9,12,1,5.0,10,4,5.66666666667,1,0,9,14,9,12,1,5.0,10,4,5.66666666667,1,0
9,19,18,1,1,1.0,18,1,9.65,1,0,9,19,18,1,1,1.0,18,1,9.65,1,0
9,9,6,0,0,0.0,8,0,3.84615384615,1,0,9,9,6,0,0,0.0,8,0,3.84615384615,1,0
9,12,9,0,0,0.0,11,0,4.73333333333,2,0,9,12,9,0,0,0.0,11,0,4.73333333333,2,0
8,8,8,1,1,1.0,7,1,4.88888888889,1,0,8,8,8,1,1,1.0,7,1,4.88888888889,1,0
7,7,7,0,0,0.0,7,0,4.375,1,0,7,7,7,0,0,0.0,7,0,4.375,1,0
9,22,21,1,1,1.0,21,1,11.3043478261,1,0,9,22,21,1,1,1.0,21,1,11.3043478261,1,0
7,7,5,2,2,2.0,6,1,3.625,1,0,7,7,5,2,2,2.0,6,1,3.625,1,0
9,9,6,5,1,3.0,7,2,4.2,1,0,9,9,6,5,1,3.0,7,2,4.2,1,0
9,9,7,2,1,1.5,7,2,5.0,1,0,9,9,7,2,1,1.5,7,2,5.0,1,0
9,14,9,5,1,3.0,11,3,5.4,1,0,9,14,9,5,1,3.0,11,3,5.4,1,0
9,9,9,1,1,1.0,8,1,5.4,1,0,9,9,9,1,1,1.0,8,1,5.4,1,0
2,2,2,0,0,0.0,1,0,1.66666666667,1,0,2,2,2,0,0,0.0,1,0,1.66666666667,1,0
9,12,8,1,1,1.0,8,2,4.84210526316,1,0,9,12,8,1,1,1.0,8,2,4.84210526316,1,0
9,17,17,0,0,0.0,17,0,9.44444444444,1,0,9,17,17,0,0,0.0,17,0,9.44444444444,1,0
9,7,6,0,0,0.0,6,0,3.63636363636,1,0,9,7,6,0,0,0.0,6,0,3.63636363636,1,0
9,10,8,1,1,1.0,8,2,5.18181818182,1,0,9,10,8,1,1,1.0,8,2,5.18181818182,1,0
9,9,6,1,1,1.0,7,1,4.08333333333,1,0,9,9,6,1,1,1.0,7,1,4.08333333333,1,0
9,23,18,5,4,4.5,21,2,11.0833333333,1,0,9,23,18,5,4,4.5,21,2,11.0833333333,1,0
9,9,9,0,0,0.0,8,0,5.4,1,0,9,9,9,0,0,0.0,8,0,5.4,1,0
9,19,12,2,1,1.5,16,2,5.73913043478,2,0,9,19,12,2,1,1.5,16,2,5.73913043478,2,0
9,20,12,7,1,3.0,14,5,7.42857142857,1,0,9,20,12,7,1,3.0,14,5,7.42857142857,1,0
1,1,1,0,0,0.0,0,0,1.0,1,0,1,1,1,0,0,0.0,0,0,1.0,1,0
9,12,12,0,0,0.0,12,0,6.92307692308,1,0,9,12,12,0,0,0.0,12,0,6.92307692308,1,0
9,20,8,14,1,6.0,16,3,5.83333333333,1,0,9,20,8,14,1,6.0,16,3,5.83333333333,1,0
9,29,25,2,1,1.33333333333,26,3,13.9333333333,1,0,9,29,25,2,1,1.33333333333,26,3,13.9333333333,1,0
9,14,14,0,0,0.0,14,0,7.93333333333,1,0,9,14,14,0,0,0.0,14,0,7.93333333333,1,0
9,18,10,7,1,2.75,14,4,6.10526315789,1,0,9,18,10,7,1,2.75,14,4,6.10526315789,1,0
9,26,12,14,2,7.0,22,4,7.88888888889,1,0,9,26,12,14,2,7.0,22,4,7.88888888889,1,0
9,9,8,4,1,2.0,5,3,5.2,1,0,9,9,8,4,1,2.0,5,3,5.2,1,0
9,30,22,6,1,2.66666666667,27,3,11.9677419355,1,0,9,30,22,6,1,2.66666666667,27,3,11.9677419355,1,0
8,8,8,0,0,0.0,8,0,4.88888888889,1,0,8,8,8,0,0,0.0,8,0,4.88888888889,1,0
5,5,4,4,1,2.5,3,2,3.0,1,0,5,5,4,4,1,2.5,3,2,3.0,1,0
0,0,0,0,0,0,0,0,0,0,0,0,0,0,0,0,0,0,0,0,0,0
9,9,8,1,1,1.0,8,1,4.8,1,0,9,9,8,1,1,1.0,8,1,4.8,1,0
5,5,5,0,0,0.0,5,0,3.33333333333,1,0,5,5,5,0,0,0.0,5,0,3.33333333333,1,0
9,11,9,1,1,1.0,9,2,5.91666666667,1,0,9,11,9,1,1,1.0,9,2,5.91666666667,1,0
9,23,20,1,1,1.0,20,3,11.5,1,0,9,23,20,1,1,1.0,20,3,11.5,1,0
6,6,6,5,1,2.66666666667,3,3,3.85714285714,1,0,6,6,6,5,1,2.66666666667,3,3,3.85714285714,1,0
9,16,13,3,1,2.0,14,2,8.23529411765,1,0,9,16,13,3,1,2.0,14,2,8.23529411765,1,0
7,7,6,1,1,1.0,6,1,4.25,1,0,7,7,6,1,1,1.0,6,1,4.25,1,0
9,40,33,2,1,1.4,35,5,17.3414634146,1,0,9,40,33,2,1,1.4,35,5,17.3414634146,1,0
9,14,10,2,1,1.5,11,2,5.11764705882,2,0,9,14,10,2,1,1.5,11,2,5.11764705882,2,0
4,0,0,0,0,0,0,0,0,0,0,4,0,0,0,0,0,0,0,0,0,0
9,19,15,0,0,0.0,18,0,7.04347826087,2,0,9,19,15,0,0,0.0,18,0,7.04347826087,2,0
9,18,13,2,2,2.0,16,1,6.52380952381,1,0,9,18,13,2,2,2.0,16,1,6.52380952381,1,0
9,35,14,6,1,2.57142857143,27,7,6.51282051282,2,0,9,35,14,6,1,2.57142857143,27,7,6.51282051282,2,0
9,22,12,2,1,1.25,17,4,6.15384615385,2,0,9,22,12,2,1,1.25,17,4,6.15384615385,2,0
0,0,0,0,0,0,0,0,0,0,0,0,0,0,0,0,0,0,0,0,0,0
5,0,0,0,0,0,0,0,0,0,0,5,0,0,0,0,0,0,0,0,0,0
5,5,5,0,0,0.0,4,0,3.33333333333,1,0,5,5,5,0,0,0.0,4,0,3.33333333333,1,0
9,22,8,5,1,3.0,17,4,5.68,1,0,9,22,8,5,1,3.0,17,4,5.68,1,0
4,2,2,0,0,0.0,1,0,1.66666666667,1,0,4,2,2,0,0,0.0,1,0,1.66666666667,1,0
9,33,28,16,3,9.5,31,2,14.8529411765,1,0,9,33,28,16,3,9.5,31,2,14.8529411765,1,0
9,9,5,12,3,7.5,6,2,3.71428571429,1,0,9,9,5,12,3,7.5,6,2,3.71428571429,1,0
9,23,13,8,1,3.0,18,5,8.375,1,0,9,23,13,8,1,3.0,18,5,8.375,1,0
9,13,12,1,1,1.0,12,1,7.21428571429,1,0,9,13,12,1,1,1.0,12,1,7.21428571429,1,0
9,26,24,1,1,1.0,24,2,13.037037037,1,0,9,26,24,1,1,1.0,24,2,13.037037037,1,0
0,0,0,0,0,0,0,0,0,0,0,0,0,0,0,0,0,0,0,0,0,0
9,26,12,1,1,1.0,22,3,6.48275862069,2,0,9,26,12,1,1,1.0,22,3,6.48275862069,2,0
1,1,1,0,0,0.0,0,0,1.0,1,0,1,1,1,0,0,0.0,0,0,1.0,1,0
3,1,1,0,0,0.0,0,0,1.0,1,0,3,1,1,0,0,0.0,0,0,1.0,1,0
9,20,17,3,3,3.0,19,1,10.4761904762,1,0,9,20,17,3,3,3.0,19,1,10.4761904762,1,0
3,3,3,0,0,0.0,2,0,2.25,1,0,3,3,3,0,0,0.0,2,0,2.25,1,0
10,0,0,0,0,0,0,0,0,0,0,10,0,0,0,0,0,0,0,0,0,0
5,0,0,0,0,0,0,0,0,0,0,5,0,0,0,0,0,0,0,0,0,0
9,22,17,7,1,4.0,18,3,9.04,1,0,9,22,17,7,1,4.0,18,3,9.04,1,0
9,34,32,1,1,1.0,32,2,16.8857142857,1,0,9,34,32,1,1,1.0,32,2,16.8857142857,1,0
6,6,5,3,1,2.0,3,2,3.42857142857,1,0,6,6,5,3,1,2.0,3,2,3.42857142857,1,0
9,9,8,3,3,3.0,8,1,5.3,1,0,9,9,8,3,3,3.0,8,1,5.3,1,0
9,22,17,2,1,1.66666666667,19,3,9.39130434783,1,0,9,22,17,2,1,1.66666666667,19,3,9.39130434783,1,0
9,15,15,0,0,0.0,15,0,8.4375,1,0,9,15,15,0,0,0.0,15,0,8.4375,1,0
9,19,16,2,2,2.0,16,2,7.86363636364,1,0,9,19,16,2,2,2.0,16,2,7.86363636364,1,0
3,3,3,0,0,0.0,2,0,2.25,1,0,3,3,3,0,0,0.0,2,0,2.25,1,0
9,27,15,13,1,7.0,24,2,7.83333333333,1,0,9,27,15,13,1,7.0,24,2,7.83333333333,1,0
9,26,22,5,3,4.0,24,2,12.2962962963,1,0,9,26,22,5,3,4.0,24,2,12.2962962963,1,0
5,5,5,0,0,0.0,4,0,3.33333333333,1,0,5,5,5,0,0,0.0,4,0,3.33333333333,1,0
7,7,5,6,2,4.0,5,2,3.625,1,0,7,7,5,6,2,4.0,5,2,3.625,1,0
8,8,8,0,0,0.0,8,0,4.88888888889,1,0,8,8,8,0,0,0.0,8,0,4.88888888889,1,0
9,11,10,1,1,1.0,9,2,5.83333333333,1,0,9,11,10,1,1,1.0,9,2,5.83333333333,1,0
9,10,8,6,2,4.0,8,2,4.81818181818,1,0,9,10,8,6,2,4.0,8,2,4.81818181818,1,0
9,20,19,1,1,1.0,19,1,10.6666666667,1,0,9,20,19,1,1,1.0,19,1,10.6666666667,1,0
5,5,5,0,0,0.0,5,0,3.33333333333,1,0,5,5,5,0,0,0.0,5,0,3.33333333333,1,0
9,9,8,6,6,6.0,7,1,4.8,1,0,9,9,8,6,6,6.0,7,1,4.8,1,0
9,15,14,1,1,1.0,14,1,8.1875,1,0,9,15,14,1,1,1.0,14,1,8.1875,1,0
6,6,6,2,2,2.0,5,1,3.85714285714,1,0,6,6,6,2,2,2.0,5,1,3.85714285714,1,0
9,23,9,4,1,1.8,17,5,5.30769230769,2,0,9,23,9,4,1,1.8,17,5,5.30769230769,2,0
6,6,5,1,1,1.0,5,1,3.71428571429,1,0,6,6,5,1,1,1.0,5,1,3.71428571429,1,0
0,0,0,0,0,0,0,0,0,0,0,0,0,0,0,0,0,0,0,0,0,0
9,9,9,0,0,0.0,9,0,5.4,1,0,9,9,9,0,0,0.0,9,0,5.4,1,0
9,22,20,11,1,3.6,17,5,11.1304347826,1,0,9,22,20,11,1,3.6,17,5,11.1304347826,1,0
9,26,11,20,1,8.0,22,3,6.03333333333,2,0,9,26,11,20,1,8.0,22,3,6.03333333333,2,0
3,3,3,0,0,0.0,2,0,2.25,1,0,3,3,3,0,0,0.0,2,0,2.25,1,0
7,7,7,0,0,0.0,7,0,4.375,1,0,7,7,7,0,0,0.0,7,0,4.375,1,0
9,25,17,1,1,1.0,22,2,8.07142857143,2,0,9,25,17,1,1,1.0,22,2,8.07142857143,2,0
3,3,3,0,0,0.0,2,0,2.25,1,0,3,3,3,0,0,0.0,2,0,2.25,1,0
14,0,0,0,0,0,0,0,0,0,0,14,0,0,0,0,0,0,0,0,0,0
9,29,23,3,1,1.4,24,5,11.7666666667,1,0,9,29,23,3,1,1.4,24,5,11.7666666667,1,0
2,2,2,1,1,1.0,0,1,1.66666666667,1,0,2,2,2,1,1,1.0,0,1,1.66666666667,1,0
9,25,23,1,1,1.0,23,2,12.1153846154,1,0,9,25,23,1,1,1.0,23,2,12.1153846154,1,0
6,6,4,0,0,0.0,5,0,3.0,2,0,6,6,4,0,0,0.0,5,0,3.0,2,0
4,4,4,0,0,0.0,4,0,2.8,1,0,4,4,4,0,0,0.0,4,0,2.8,1,0
9,15,12,3,3,3.0,14,1,7.875,1,0,9,15,12,3,3,3.0,14,1,7.875,1,0
1,1,1,1,1,1.0,0,1,1.0,1,0,1,1,1,1,1,1.0,0,1,1.0,1,0
9,26,23,1,1,1.0,23,3,12.0,1,0,9,26,23,1,1,1.0,23,3,12.0,1,0
9,28,22,3,1,1.4,23,5,11.6896551724,1,0,9,28,22,3,1,1.4,23,5,11.6896551724,1,0
3,1,1,0,0,0.0,0,0,1.0,1,0,3,1,1,0,0,0.0,0,0,1.0,1,0
1,1,1,0,0,0.0,0,0,1.0,1,0,1,1,1,0,0,0.0,0,0,1.0,1,0
9,8,6,0,0,0.0,7,0,3.23076923077,2,0,9,8,6,0,0,0.0,7,0,3.23076923077,2,0
1,1,1,0,0,0.0,0,0,1.0,1,0,1,1,1,0,0,0.0,0,0,1.0,1,0
9,21,8,6,1,2.0,13,7,4.5,2,0,9,21,8,6,1,2.0,13,7,4.5,2,0
9,12,9,3,3,3.0,11,1,6.0,1,0,9,12,9,3,3,3.0,11,1,6.0,1,0
9,17,7,1,1,1.0,12,2,4.75,2,0,9,17,7,1,1,1.0,12,2,4.75,2,0
9,19,17,1,1,1.0,17,2,9.8,1,0,9,19,17,1,1,1.0,17,2,9.8,1,0
9,17,11,7,1,3.33333333333,14,3,7.22222222222,1,0,9,17,11,7,1,3.33333333333,14,3,7.22222222222,1,0
7,7,6,1,1,1.0,6,1,4.25,1,0,7,7,6,1,1,1.0,6,1,4.25,1,0
6,6,5,1,1,1.0,5,1,3.71428571429,1,0,6,6,5,1,1,1.0,5,1,3.71428571429,1,0
9,26,13,6,1,3.0,21,5,8.2962962963,1,0,9,26,13,6,1,3.0,21,5,8.2962962963,1,0
9,9,8,1,1,1.0,8,1,5.0,1,0,9,9,8,1,1,1.0,8,1,5.0,1,0
9,20,15,4,1,1.8,15,5,7.95238095238,1,0,9,20,15,4,1,1.8,15,5,7.95238095238,1,0
5,5,3,3,3,3.0,3,1,2.66666666667,2,0,5,5,3,3,3,3.0,3,1,2.66666666667,2,0
13,0,0,0,0,0,0,0,0,0,0,13,0,0,0,0,0,0,0,0,0,0
8,8,8,0,0,0.0,8,0,4.88888888889,1,0,8,8,8,0,0,0.0,8,0,4.88888888889,1,0
0,0,0,0,0,0,0,0,0,0,0,0,0,0,0,0,0,0,0,0,0,0
24,0,0,0,0,0,0,0,0,0,0,24,0,0,0,0,0,0,0,0,0,0
9,6,5,0,0,0.0,5,0,3.36363636364,1,0,9,6,5,0,0,0.0,5,0,3.36363636364,1,0
0,0,0,0,0,0,0,0,0,0,0,0,0,0,0,0,0,0,0,0,0,0
9,20,10,2,2,2.0,17,1,5.65384615385,2,0,9,20,10,2,2,2.0,17,1,5.65384615385,2,0
0,0,0,0,0,0,0,0,0,0,0,0,0,0,0,0,0,0,0,0,0,0
19,0,0,0,0,0,0,0,0,0,0,19,0,0,0,0,0,0,0,0,0,0
0,0,0,0,0,0,0,0,0,0,0,0,0,0,0,0,0,0,0,0,0,0
1,0,0,0,0,0,0,0,0,0,0,1,0,0,0,0,0,0,0,0,0,0
9,13,7,4,4,4.0,11,1,4.05555555556,2,0,9,13,7,4,4,4.0,11,1,4.05555555556,2,0
0,0,0,0,0,0,0,0,0,0,0,0,0,0,0,0,0,0,0,0,0,0
9,7,6,0,0,0.0,6,0,3.6,2,0,9,7,6,0,0,0.0,6,0,3.6,2,0
0,0,0,0,0,0,0,0,0,0,0,0,0,0,0,0,0,0,0,0,0,0
9,9,8,0,0,0.0,8,0,4.46153846154,1,0,9,9,8,0,0,0.0,8,0,4.46153846154,1,0
5,5,4,3,1,2.0,2,2,2.83333333333,2,0,5,5,4,3,1,2.0,2,2,2.83333333333,2,0
16,1,1,0,0,0.0,0,0,1.0,1,0,16,1,1,0,0,0.0,0,0,1.0,1,0
0,0,0,0,0,0,0,0,0,0,0,0,0,0,0,0,0,0,0,0,0,0
1,1,1,0,0,0.0,0,0,1.0,1,0,1,1,1,0,0,0.0,0,0,1.0,1,0
9,10,7,5,1,2.66666666667,6,3,5.09090909091,1,0,9,10,7,5,1,2.66666666667,6,3,5.09090909091,1,0
8,8,8,1,1,1.0,7,1,4.88888888889,1,0,8,8,8,1,1,1.0,7,1,4.88888888889,1,0
9,11,9,1,1,1.0,8,3,5.5,1,0,9,11,9,1,1,1.0,8,3,5.5,1,0
8,8,7,1,1,1.0,7,1,4.55555555556,1,0,8,8,7,1,1,1.0,7,1,4.55555555556,1,0
9,12,9,1,1,1.0,9,3,6.0,1,0,9,12,9,1,1,1.0,9,3,6.0,1,0
9,20,15,4,1,2.0,16,4,7.90476190476,1,0,9,20,15,4,1,2.0,16,4,7.90476190476,1,0
9,25,11,9,1,4.66666666667,21,3,6.55172413793,2,0,9,25,11,9,1,4.66666666667,21,3,6.55172413793,2,0
9,13,13,0,0,0.0,13,0,7.42857142857,1,0,9,13,13,0,0,0.0,13,0,7.42857142857,1,0
8,8,8,0,0,0.0,8,0,4.88888888889,1,0,8,8,8,0,0,0.0,8,0,4.88888888889,1,0
2,2,2,0,0,0.0,1,0,1.66666666667,1,0,2,2,2,0,0,0.0,1,0,1.66666666667,1,0
7,7,7,0,0,0.0,7,0,4.375,1,0,7,7,7,0,0,0.0,7,0,4.375,1,0
9,11,7,1,1,1.0,9,1,4.28571428571,1,0,9,11,7,1,1,1.0,9,1,4.28571428571,1,0
9,23,10,19,1,6.0,18,5,6.66666666667,1,0,9,23,10,19,1,6.0,18,5,6.66666666667,1,0
9,28,16,10,1,5.2,22,5,9.45161290323,1,0,9,28,16,10,1,5.2,22,5,9.45161290323,1,0
9,17,10,3,1,1.75,12,4,5.2380952381,2,0,9,17,10,3,1,1.75,12,4,5.2380952381,2,0
8,8,7,1,1,1.0,7,1,4.33333333333,1,0,8,8,7,1,1,1.0,7,1,4.33333333333,1,0
9,10,10,0,0,0.0,10,0,5.90909090909,1,0,9,10,10,0,0,0.0,10,0,5.90909090909,1,0
9,13,9,15,1,6.33333333333,8,3,5.38888888889,1,0,9,13,9,15,1,6.33333333333,8,3,5.38888888889,1,0
9,12,11,1,1,1.0,11,1,6.61538461538,1,0,9,12,11,1,1,1.0,11,1,6.61538461538,1,0
9,15,11,14,2,7.25,11,4,6.0625,1,0,9,15,11,14,2,7.25,11,4,6.0625,1,0
9,25,17,7,1,3.0,20,5,9.73076923077,1,0,9,25,17,7,1,3.0,20,5,9.73076923077,1,0
9,19,11,21,1,8.0,15,3,5.73913043478,1,0,9,19,11,21,1,8.0,15,3,5.73913043478,1,0
9,19,13,1,1,1.0,15,3,6.58333333333,1,0,9,19,13,1,1,1.0,15,3,6.58333333333,1,0
9,9,8,1,1,1.0,8,1,5.1,1,0,9,9,8,1,1,1.0,8,1,5.1,1,0
6,6,5,1,1,1.0,5,1,3.42857142857,1,0,6,6,5,1,1,1.0,5,1,3.42857142857,1,0
4,4,4,0,0,0.0,3,0,2.8,1,0,4,4,4,0,0,0.0,3,0,2.8,1,0
9,10,10,0,0,0.0,10,0,5.90909090909,1,0,9,10,10,0,0,0.0,10,0,5.90909090909,1,0
5,5,5,0,0,0.0,4,0,3.33333333333,1,0,5,5,5,0,0,0.0,4,0,3.33333333333,1,0
0,0,0,0,0,0,0,0,0,0,0,0,0,0,0,0,0,0,0,0,0,0
4,4,4,0,0,0.0,3,0,2.8,1,0,4,4,4,0,0,0.0,3,0,2.8,1,0
9,22,18,3,1,1.66666666667,19,3,10.3913043478,1,0,9,22,18,3,1,1.66666666667,19,3,10.3913043478,1,0
9,15,15,2,2,2.0,14,1,8.4375,1,0,9,15,15,2,2,2.0,14,1,8.4375,1,0
9,23,10,2,1,1.5,20,2,5.76923076923,2,0,9,23,10,2,1,1.5,20,2,5.76923076923,2,0
9,22,15,7,2,4.5,20,2,9.73913043478,1,0,9,22,15,7,2,4.5,20,2,9.73913043478,1,0
9,28,20,3,1,1.6,23,5,10.8620689655,1,0,9,28,20,3,1,1.6,23,5,10.8620689655,1,0
9,22,17,1,1,1.0,18,3,8.32,2,0,9,22,17,1,1,1.0,18,3,8.32,2,0
9,31,21,3,1,1.66666666667,27,3,9.71428571429,2,0,9,31,21,3,1,1.66666666667,27,3,9.71428571429,2,0
0,0,0,0,0,0,0,0,0,0,0,0,0,0,0,0,0,0,0,0,0,0
9,23,9,4,1,2.5,16,6,5.57142857143,1,0,9,23,9,4,1,2.5,16,6,5.57142857143,1,0
9,14,12,1,1,1.0,12,2,7.13333333333,1,0,9,14,12,1,1,1.0,12,2,7.13333333333,1,0
1,1,1,0,0,0.0,0,0,1.0,1,0,1,1,1,0,0,0.0,0,0,1.0,1,0
9,28,16,1,1,1.0,25,2,7.18181818182,2,0,9,28,16,1,1,1.0,25,2,7.18181818182,2,0
9,28,24,3,1,2.0,26,2,12.0344827586,1,0,9,28,24,3,1,2.0,26,2,12.0344827586,1,0
9,9,5,1,1,1.0,7,1,3.46153846154,2,0,9,9,5,1,1,1.0,7,1,3.46153846154,2,0
9,8,5,9,9,9.0,6,1,3.81818181818,1,0,9,8,5,9,9,9.0,6,1,3.81818181818,1,0
9,31,20,24,2,9.66666666667,28,3,9.34375,1,0,9,31,20,24,2,9.66666666667,28,3,9.34375,1,0
9,14,13,1,1,1.0,13,1,7.4,1,0,9,14,13,1,1,1.0,13,1,7.4,1,0
9,20,20,0,0,0.0,20,0,10.9523809524,1,0,9,20,20,0,0,0.0,20,0,10.9523809524,1,0
9,9,9,3,1,2.0,6,2,5.4,1,0,9,9,9,3,1,2.0,6,2,5.4,1,0
9,34,17,3,1,1.4,28,5,7.81578947368,2,0,9,34,17,3,1,1.4,28,5,7.81578947368,2,0
9,25,19,1,1,1.0,22,2,8.82142857143,1,0,9,25,19,1,1,1.0,22,2,8.82142857143,1,0
9,21,11,3,2,2.33333333333,17,3,5.83333333333,1,0,9,21,11,3,2,2.33333333333,17,3,5.83333333333,1,0
9,0,0,0,0,0,0,0,0,0,0,9,0,0,0,0,0,0,0,0,0,0
5,0,0,0,0,0,0,0,0,0,0,5,0,0,0,0,0,0,0,0,0,0
9,15,15,0,0,0.0,15,0,8.4375,1,0,9,15,15,0,0,0.0,15,0,8.4375,1,0
9,18,18,1,1,1.0,17,1,9.94736842105,1,0,9,18,18,1,1,1.0,17,1,9.94736842105,1,0
9,29,17,2,2,2.0,27,1,7.94117647059,2,0,9,29,17,2,2,2.0,27,1,7.94117647059,2,0
12,0,0,0,0,0,0,0,0,0,0,12,0,0,0,0,0,0,0,0,0,0
9,26,21,8,1,4.5,24,2,12.1481481481,1,0,9,26,21,8,1,4.5,24,2,12.1481481481,1,0
9,12,9,6,6,6.0,11,1,6.0,1,0,9,12,9,6,6,6.0,11,1,6.0,1,0
0,0,0,0,0,0,0,0,0,0,0,0,0,0,0,0,0,0,0,0,0,0
3,3,3,0,0,0.0,3,0,2.25,1,0,3,3,3,0,0,0.0,3,0,2.25,1,0
9,9,8,1,1,1.0,8,1,4.8,1,0,9,9,8,1,1,1.0,8,1,4.8,1,0
5,5,3,2,2,2.0,4,1,2.66666666667,2,0,5,5,3,2,2,2.0,4,1,2.66666666667,2,0
9,30,24,5,1,3.0,27,3,12.9032258065,1,0,9,30,24,5,1,3.0,27,3,12.9032258065,1,0
5,5,5,0,0,0.0,5,0,3.33333333333,1,0,5,5,5,0,0,0.0,5,0,3.33333333333,1,0
8,8,8,0,0,0.0,7,0,4.88888888889,1,0,8,8,8,0,0,0.0,7,0,4.88888888889,1,0
9,12,12,0,0,0.0,12,0,6.92307692308,1,0,9,12,12,0,0,0.0,12,0,6.92307692308,1,0
6,3,3,0,0,0.0,2,0,1.71428571429,1,0,6,3,3,0,0,0.0,2,0,1.71428571429,1,0
6,0,0,0,0,0,0,0,0,0,0,6,0,0,0,0,0,0,0,0,0,0
9,24,13,14,1,5.66666666667,20,3,6.71428571429,1,0,9,24,13,14,1,5.66666666667,20,3,6.71428571429,1,0
9,12,11,1,1,1.0,11,1,6.23076923077,1,0,9,12,11,1,1,1.0,11,1,6.23076923077,1,0
9,32,21,3,1,2.16666666667,26,6,11.9696969697,1,0,9,32,21,3,1,2.16666666667,26,6,11.9696969697,1,0
6,6,4,5,1,2.66666666667,3,3,3.28571428571,1,0,6,6,4,5,1,2.66666666667,3,3,3.28571428571,1,0
9,10,10,0,0,0.0,9,0,5.90909090909,1,0,9,10,10,0,0,0.0,9,0,5.90909090909,1,0
1,1,1,0,0,0.0,0,0,1.0,1,0,1,1,1,0,0,0.0,0,0,1.0,1,0
9,13,8,2,2,2.0,10,1,5.05263157895,1,0,9,13,8,2,2,2.0,10,1,5.05263157895,1,0
9,16,13,3,3,3.0,15,1,6.94117647059,1,0,9,16,13,3,3,3.0,15,1,6.94117647059,1,0
9,26,15,4,1,2.0,22,3,7.41379310345,2,0,9,26,15,4,1,2.0,22,3,7.41379310345,2,0
4,4,3,1,1,1.0,1,2,2.4,2,0,4,4,3,1,1,1.0,1,2,2.4,2,0
17,0,0,0,0,0,0,0,0,0,0,17,0,0,0,0,0,0,0,0,0,0
9,21,10,3,3,3.0,18,1,5.625,2,0,9,21,10,3,3,3.0,18,1,5.625,2,0
9,27,17,6,1,2.75,23,4,9.5,1,0,9,27,17,6,1,2.75,23,4,9.5,1,0
9,9,8,6,2,4.33333333333,6,3,5.2,1,0,9,9,8,6,2,4.33333333333,6,3,5.2,1,0
4,4,4,0,0,0.0,4,0,2.8,1,0,4,4,4,0,0,0.0,4,0,2.8,1,0
7,7,6,1,1,1.0,6,1,3.875,1,0,7,7,6,1,1,1.0,6,1,3.875,1,0
9,18,18,0,0,0.0,18,0,9.94736842105,1,0,9,18,18,0,0,0.0,18,0,9.94736842105,1,0
9,20,15,2,1,1.4,14,5,8.85714285714,1,0,9,20,15,2,1,1.4,14,5,8.85714285714,1,0
4,4,4,3,3,3.0,3,1,2.8,1,0,4,4,4,3,3,3.0,3,1,2.8,1,0
9,15,15,0,0,0.0,15,0,8.4375,1,0,9,15,15,0,0,0.0,15,0,8.4375,1,0
9,21,14,7,1,4.0,19,2,7.59090909091,1,0,9,21,14,7,1,4.0,19,2,7.59090909091,1,0
9,29,22,4,2,3.0,26,3,12.9333333333,1,0,9,29,22,4,2,3.0,26,3,12.9333333333,1,0
9,29,22,5,1,2.4,24,5,11.4,1,0,9,29,22,5,1,2.4,24,5,11.4,1,0
9,27,11,5,2,3.5,24,2,6.06451612903,2,0,9,27,11,5,2,3.5,24,2,6.06451612903,2,0
9,9,7,3,3,3.0,8,1,4.8,1,0,9,9,7,3,3,3.0,8,1,4.8,1,0
8,8,8,0,0,0.0,8,0,4.88888888889,1,0,8,8,8,0,0,0.0,8,0,4.88888888889,1,0
9,9,7,2,1,1.66666666667,6,3,4.4,1,0,9,9,7,2,1,1.66666666667,6,3,4.4,1,0
6,0,0,0,0,0,0,0,0,0,0,6,0,0,0,0,0,0,0,0,0,0
9,13,9,6,1,2.66666666667,10,3,5.42857142857,1,0,9,13,9,6,1,2.66666666667,10,3,5.42857142857,1,0
9,29,19,7,1,3.5,25,4,10.8,1,0,9,29,19,7,1,3.5,25,4,10.8,1,0
9,13,8,12,12,12.0,10,1,5.26315789474,1,0,9,13,8,12,12,12.0,10,1,5.26315789474,1,0
9,13,11,1,1,1.0,11,2,6.64285714286,1,0,9,13,11,1,1,1.0,11,2,6.64285714286,1,0
9,23,19,1,1,1.0,19,4,10.3333333333,1,0,9,23,19,1,1,1.0,19,4,10.3333333333,1,0
24,0,0,0,0,0,0,0,0,0,0,24,0,0,0,0,0,0,0,0,0,0
2,2,2,1,1,1.0,0,1,1.66666666667,1,0,2,2,2,1,1,1.0,0,1,1.66666666667,1,0
9,16,9,9,1,3.8,11,5,5.52941176471,1,0,9,16,9,9,1,3.8,11,5,5.52941176471,1,0
9,16,13,12,1,5.0,11,4,6.82352941176,2,0,9,16,13,12,1,5.0,11,4,6.82352941176,2,0
1,1,1,0,0,0.0,0,0,1.0,1,0,1,1,1,0,0,0.0,0,0,1.0,1,0
9,24,13,3,1,2.0,20,3,6.10344827586,2,0,9,24,13,3,1,2.0,20,3,6.10344827586,2,0
9,13,10,3,1,2.0,11,2,6.5,1,0,9,13,10,3,1,2.0,11,2,6.5,1,0
9,16,13,2,1,1.66666666667,13,3,8.11764705882,1,0,9,16,13,2,1,1.66666666667,13,3,8.11764705882,1,0
9,30,26,24,1,5.8,25,5,13.3225806452,1,0,9,30,26,24,1,5.8,25,5,13.3225806452,1,0
9,26,11,8,1,4.5,23,2,5.86206896552,2,0,9,26,11,8,1,4.5,23,2,5.86206896552,2,0
9,11,11,0,0,0.0,11,0,6.41666666667,1,0,9,11,11,0,0,0.0,11,0,6.41666666667,1,0
5,5,5,1,1,1.0,3,1,3.33333333333,1,0,5,5,5,1,1,1.0,3,1,3.33333333333,1,0
9,15,10,4,1,2.0,12,3,6.0,1,0,9,15,10,4,1,2.0,12,3,6.0,1,0
9,17,12,6,1,3.5,15,2,7.66666666667,1,0,9,17,12,6,1,3.5,15,2,7.66666666667,1,0
1,1,1,0,0,0.0,0,0,1.0,1,0,1,1,1,0,0,0.0,0,0,1.0,1,0
7,7,6,1,1,1.0,6,1,3.875,1,0,7,7,6,1,1,1.0,6,1,3.875,1,0
1,1,1,0,0,0.0,0,0,1.0,1,0,1,1,1,0,0,0.0,0,0,1.0,1,0
9,11,11,1,1,1.0,9,1,6.41666666667,1,0,9,11,11,1,1,1.0,9,1,6.41666666667,1,0
8,5,3,0,0,0.0,4,0,2.77777777778,2,0,8,5,3,0,0,0.0,4,0,2.77777777778,2,0
9,11,11,0,0,0.0,10,0,6.41666666667,1,0,9,11,11,0,0,0.0,10,0,6.41666666667,1,0
9,20,11,2,1,1.33333333333,16,3,5.75,2,0,9,20,11,2,1,1.33333333333,16,3,5.75,2,0
6,6,6,0,0,0.0,6,0,3.85714285714,1,0,6,6,6,0,0,0.0,6,0,3.85714285714,1,0
5,5,5,0,0,0.0,4,0,3.33333333333,1,0,5,5,5,0,0,0.0,4,0,3.33333333333,1,0
6,4,4,0,0,0.0,2,0,2.57142857143,1,0,6,4,4,0,0,0.0,2,0,2.57142857143,1,0
0,0,0,0,0,0,0,0,0,0,0,0,0,0,0,0,0,0,0,0,0,0
9,13,7,13,1,5.0,9,3,4.88235294118,1,0,9,13,7,13,1,5.0,9,3,4.88235294118,1,0
9,28,17,32,1,9.0,22,4,7.82352941176,1,0,9,28,17,32,1,9.0,22,4,7.82352941176,1,0
9,23,10,2,1,1.5,20,2,5.92307692308,2,0,9,23,10,2,1,1.5,20,2,5.92307692308,2,0
9,14,14,0,0,0.0,14,0,7.93333333333,1,0,9,14,14,0,0,0.0,14,0,7.93333333333,1,0
9,24,13,6,1,3.25,19,4,6.66666666667,2,0,9,24,13,6,1,3.25,19,4,6.66666666667,2,0
1,0,0,0,0,0,0,0,0,0,0,1,0,0,0,0,0,0,0,0,0,0
9,16,7,3,2,2.5,13,2,4.78947368421,2,0,9,16,7,3,2,2.5,13,2,4.78947368421,2,0
9,25,18,8,1,3.33333333333,21,3,8.96428571429,1,0,9,25,18,8,1,3.33333333333,21,3,8.96428571429,1,0
8,8,8,0,0,0.0,7,0,4.88888888889,1,0,8,8,8,0,0,0.0,7,0,4.88888888889,1,0
9,26,15,4,1,1.75,21,4,7.06666666667,1,0,9,26,15,4,1,1.75,21,4,7.06666666667,1,0
9,33,23,6,1,2.25,25,8,12.7647058824,1,0,9,33,23,6,1,2.25,25,8,12.7647058824,1,0
5,5,5,3,3,3.0,3,1,3.33333333333,1,0,5,5,5,3,3,3.0,3,1,3.33333333333,1,0
0,0,0,0,0,0,0,0,0,0,0,0,0,0,0,0,0,0,0,0,0,0
9,11,6,0,0,0.0,10,0,4.06666666667,2,0,9,11,6,0,0,0.0,10,0,4.06666666667,2,0
9,27,20,3,1,2.0,23,3,8.65625,2,0,9,27,20,3,1,2.0,23,3,8.65625,2,0
9,12,11,2,2,2.0,11,1,6.76923076923,1,0,9,12,11,2,2,2.0,11,1,6.76923076923,1,0
9,19,16,3,3,3.0,18,1,10.0,1,0,9,19,16,3,3,3.0,18,1,10.0,1,0
9,13,6,5,5,5.0,11,1,4.0625,2,0,9,13,6,5,5,5.0,11,1,4.0625,2,0
4,4,4,3,3,3.0,2,1,2.8,1,0,4,4,4,3,3,3.0,2,1,2.8,1,0
9,25,25,1,1,1.0,24,1,13.4615384615,1,0,9,25,25,1,1,1.0,24,1,13.4615384615,1,0
9,20,15,2,1,1.66666666667,17,3,8.38095238095,1,0,9,20,15,2,1,1.66666666667,17,3,8.38095238095,1,0
9,23,10,3,1,2.0,19,3,5.85714285714,1,0,9,23,10,3,1,2.0,19,3,5.85714285714,1,0
9,18,6,9,1,3.75,14,4,5.10526315789,1,0,9,18,6,9,1,3.75,14,4,5.10526315789,1,0
9,21,9,2,1,1.66666666667,17,3,5.41666666667,2,0,9,21,9,2,1,1.66666666667,17,3,5.41666666667,2,0
9,30,24,3,1,1.8,25,5,13.1935483871,1,0,9,30,24,3,1,1.8,25,5,13.1935483871,1,0
9,23,18,1,1,1.0,20,2,8.07142857143,1,0,9,23,18,1,1,1.0,20,2,8.07142857143,1,0
9,12,12,0,0,0.0,11,0,6.92307692308,1,0,9,12,12,0,0,0.0,11,0,6.92307692308,1,0
9,10,10,2,2,2.0,8,1,5.90909090909,1,0,9,10,10,2,2,2.0,8,1,5.90909090909,1,0
20,0,0,0,0,0,0,0,0,0,0,20,0,0,0,0,0,0,0,0,0,0
9,23,23,0,0,0.0,23,0,12.4583333333,1,0,9,23,23,0,0,0.0,23,0,12.4583333333,1,0
9,26,24,1,1,1.0,24,2,12.962962963,1,0,9,26,24,1,1,1.0,24,2,12.962962963,1,0
9,27,18,6,1,2.83333333333,21,6,10.9642857143,1,0,9,27,18,6,1,2.83333333333,21,6,10.9642857143,1,0
